<?xml version="1.0" encoding="utf-8"?><testsuites name="pytest tests"><testsuite name="pytest" errors="0" failures="0" skipped="0" tests="10" time="32.183" timestamp="2026-05-11T17:55:11.964455+00:00" hostname="agent-env-e8fbb50e-1838-4619-b626-b43b6b6aabab"><testcase classname="tests.test_aurin_p0_realtime_free_access_body_room.TestRealtime" name="test_realtime_health_off" time="0.248" /><testcase classname="tests.test_aurin_p0_realtime_free_access_body_room.TestRealtime" name="test_realtime_session_503_when_off" time="0.064" /><testcase classname="tests.test_aurin_p0_realtime_free_access_body_room.TestGuestAuth" name="test_guest_mint" time="0.074" /><testcase classname="tests.test_aurin_p0_realtime_free_access_body_room.TestGuestAuth" name="test_authenticated_request" time="0.069" /><testcase classname="tests.test_aurin_p0_realtime_free_access_body_room.TestGuestAuth" name="test_no_token_is_401" time="0.191" /><testcase classname="tests.test_aurin_p0_realtime_free_access_body_room.TestFreeAccessWindow" name="test_clarity_access_free_access" time="0.071" /><testcase classname="tests.test_aurin_p0_realtime_free_access_body_room.TestFreeAccessWindow" name="test_cabinet_messages_bypass_paywall" time="23.781" /><testcase classname="tests.test_aurin_p0_realtime_free_access_body_room.TestBodyRoom" name="test_chest_tight_hot" time="4.166" /><testcase classname="tests.test_aurin_p0_realtime_free_access_body_room.TestBodyRoom" name="test_belly_hot_unsettled_optional_ayurveda" time="2.894" /><testcase classname="tests.test_aurin_p0_realtime_free_access_body_room.TestStaticAvatar" name="test_grace_vision_pilot_mp4" time="0.227" /></testsuite></testsuites>