<?xml version="1.0" encoding="utf-8"?><testsuites name="pytest tests"><testsuite name="pytest" errors="0" failures="0" skipped="0" tests="7" time="1.655" timestamp="2026-05-28T18:15:34.039861+00:00" hostname="agent-env-e8fbb50e-1838-4619-b626-b43b6b6aabab"><testcase classname="tests.test_iter84_live_chrono" name="test_body_temple_overview_has_chrono_fields" time="0.293" /><testcase classname="tests.test_iter84_live_chrono" name="test_body_temple_day_1_open_for_guest" time="0.064" /><testcase classname="tests.test_iter84_live_chrono" name="test_body_temple_day_8_locked_for_guest" time="0.062" /><testcase classname="tests.test_iter84_live_chrono" name="test_clarity_integration_lock_guest" time="0.055" /><testcase classname="tests.test_iter84_live_chrono" name="test_clarity_integration_consume_requires_auth" time="0.054" /><testcase classname="tests.test_iter84_live_chrono" name="test_clarity_consume_then_blocks_other_mode" time="0.477" /><testcase classname="tests.test_iter84_live_chrono" name="test_body_temple_complete_then_locked_week2" time="0.424" /></testsuite></testsuites>