<?xml version="1.0" encoding="utf-8"?><testsuites name="pytest tests"><testsuite name="pytest" errors="0" failures="0" skipped="0" tests="4" time="0.402" timestamp="2026-05-26T16:26:02.651716+00:00" hostname="agent-env-e8fbb50e-1838-4619-b626-b43b6b6aabab"><testcase classname="backend.tests.test_kids_journey" name="test_progress_anonymous_default" time="0.020" /><testcase classname="backend.tests.test_kids_journey" name="test_progress_legacy_slug_alias" time="0.011" /><testcase classname="backend.tests.test_kids_journey" name="test_day_endpoint_clamps" time="0.033" /><testcase classname="backend.tests.test_kids_journey" name="test_messages_are_distinct_per_age" time="0.026" /></testsuite></testsuites>