<?xml version="1.0" encoding="utf-8"?><testsuites name="pytest tests"><testsuite name="pytest" errors="0" failures="0" skipped="0" tests="16" time="49.201" timestamp="2026-05-01T07:44:28.794576+00:00" hostname="agent-env-e8fbb50e-1838-4619-b626-b43b6b6aabab"><testcase classname="backend.tests.test_iteration27" name="test_health_ai_and_tts_enabled" time="10.493" /><testcase classname="backend.tests.test_iteration27" name="test_cabinet_message_returns_real_claude_reply" time="3.637" /><testcase classname="backend.tests.test_iteration27" name="test_cabinet_multi_turn_context" time="10.390" /><testcase classname="backend.tests.test_iteration27" name="test_cabinet_crisis_wins" time="2.045" /><testcase classname="backend.tests.test_iteration27" name="test_tts_requires_auth" time="0.409" /><testcase classname="backend.tests.test_iteration27" name="test_tts_female_returns_audio" time="2.583" /><testcase classname="backend.tests.test_iteration27" name="test_tts_male_returns_audio" time="3.750" /><testcase classname="backend.tests.test_iteration27" name="test_tts_etag_304" time="3.177" /><testcase classname="backend.tests.test_iteration27" name="test_courses_list_has_four" time="0.238" /><testcase classname="backend.tests.test_iteration27" name="test_course_detail_signed_out_only_letter_one_unlocked" time="0.157" /><testcase classname="backend.tests.test_iteration27" name="test_course_enroll_idempotent" time="0.571" /><testcase classname="backend.tests.test_iteration27" name="test_course_detail_enrolled_shows_day1_unlock_at_for_rest" time="0.533" /><testcase classname="backend.tests.test_iteration27" name="test_course_enroll_unknown_slug_404" time="0.485" /><testcase classname="backend.tests.test_iteration27" name="test_course_enroll_requires_auth" time="0.288" /><testcase classname="backend.tests.test_iteration27" name="test_course_audio_files_served" time="3.905" /><testcase classname="backend.tests.test_iteration27" name="test_state_bridge_populates_body_context" time="4.317" /></testsuite></testsuites>