<?xml version="1.0" encoding="utf-8"?><testsuites name="pytest tests"><testsuite name="pytest" errors="0" failures="0" skipped="0" tests="16" time="3.923" timestamp="2026-05-10T18:16:58.333938+00:00" hostname="agent-env-e8fbb50e-1838-4619-b626-b43b6b6aabab"><testcase classname="tests.test_phase1_identity" name="test_me_anonymous" time="0.194" /><testcase classname="tests.test_phase1_identity" name="test_magic_link_request_idempotent" time="0.036" /><testcase classname="tests.test_phase1_identity" name="test_magic_link_verify_sets_cookie_and_is_single_use" time="0.027" /><testcase classname="tests.test_phase1_identity" name="test_magic_link_verify_unknown_token" time="0.004" /><testcase classname="tests.test_phase1_identity" name="test_me_authenticated_via_bearer" time="0.029" /><testcase classname="tests.test_phase1_identity" name="test_phase1_cleanup" time="0.015" /><testcase classname="tests.test_phase1a_presence_signals" name="test_full_trailer" time="0.000" /><testcase classname="tests.test_phase1a_presence_signals" name="test_no_trailer" time="0.000" /><testcase classname="tests.test_phase1a_presence_signals" name="test_one_signal_only" time="0.000" /><testcase classname="tests.test_phase1a_presence_signals" name="test_invalid_value_dropped" time="0.000" /><testcase classname="tests.test_phase1a_presence_signals" name="test_case_insensitive_with_whitespace" time="0.000" /><testcase classname="tests.test_phase1a_presence_signals" name="test_trailer_only_falls_back_to_full_text" time="0.000" /><testcase classname="tests.test_phase1a_presence_signals" name="test_swapped_order" time="0.000" /><testcase classname="tests.test_phase1a_presence_signals" name="test_empty_input" time="0.000" /><testcase classname="tests.test_phase1a_presence_signals" name="test_all_seven_user_states_valid" time="0.000" /><testcase classname="tests.test_phase1a_presence_signals" name="test_all_four_tone_tags_valid" time="0.000" /></testsuite></testsuites>