<?xml version="1.0" encoding="utf-8"?><testsuites name="pytest tests"><testsuite name="pytest" errors="0" failures="0" skipped="0" tests="6" time="1.394" timestamp="2026-04-25T15:22:05.807669+00:00" hostname="agent-env-e8fbb50e-1838-4619-b626-b43b6b6aabab"><testcase classname="backend.tests.test_iteration5" name="test_auth_me_unauth" time="0.193" /><testcase classname="backend.tests.test_iteration5" name="test_brand_surface_has_about_the_author" time="0.070" /><testcase classname="backend.tests.test_iteration5" name="test_books_at_least_three" time="0.066" /><testcase classname="backend.tests.test_iteration5" name="test_legal_surface_has_refund_policy" time="0.061" /><testcase classname="backend.tests.test_iteration5" name="test_static_assets_load" time="0.271" /><testcase classname="backend.tests.test_iteration5" name="test_pages_no_5xx" time="0.258" /></testsuite></testsuites>