<?xml version="1.0" encoding="utf-8"?><testsuites name="pytest tests"><testsuite name="pytest" errors="0" failures="0" skipped="0" tests="11" time="9.230" timestamp="2026-05-31T16:13:09.055503+00:00" hostname="agent-env-e8fbb50e-1838-4619-b626-b43b6b6aabab"><testcase classname="backend.tests.test_iter85_sprints_3_4.TestFrontendRoutes" name="test_route_reachable_200[/listen/hearth/the-sock-on-the-stairs]" time="0.328" /><testcase classname="backend.tests.test_iter85_sprints_3_4.TestFrontendRoutes" name="test_route_reachable_200[/alistair-bundle]" time="0.059" /><testcase classname="backend.tests.test_iter85_sprints_3_4.TestFrontendRoutes" name="test_route_reachable_200[/the-hearth]" time="0.055" /><testcase classname="backend.tests.test_iter85_sprints_3_4.TestFrontendRoutes" name="test_route_reachable_200[/listen/little-star]" time="0.055" /><testcase classname="backend.tests.test_iter85_sprints_3_4.TestFrontendRoutes" name="test_route_reachable_200[/seven-quiet-nights]" time="0.057" /><testcase classname="backend.tests.test_iter85_sprints_3_4.TestAudioAsset" name="test_audio_head_200" time="0.067" /><testcase classname="backend.tests.test_iter85_sprints_3_4.TestAudioAsset" name="test_audio_content_type_strict" time="0.194" /><testcase classname="backend.tests.test_iter85_sprints_3_4.TestCoursesAPI" name="test_courses_endpoint_200" time="7.575" /><testcase classname="backend.tests.test_iter85_sprints_3_4.TestCoursesAPI" name="test_courses_contain_expected_alistair_slugs" time="0.056" /><testcase classname="backend.tests.test_iter85_sprints_3_4.TestCoursesAPI" name="test_courses_price_25_each" time="0.058" /><testcase classname="backend.tests.test_iter85_sprints_3_4.TestBackendHealth" name="test_api_root_responds" time="0.113" /></testsuite></testsuites>