<?xml version="1.0" encoding="utf-8"?><testsuites name="pytest tests"><testsuite name="pytest" errors="0" failures="0" skipped="0" tests="6" time="3.826" timestamp="2026-05-10T18:16:42.886528+00:00" hostname="agent-env-e8fbb50e-1838-4619-b626-b43b6b6aabab"><testcase classname="tests.test_stage2_8_voice_first" name="test_stt_anonymous_blocked" time="0.165" /><testcase classname="tests.test_stage2_8_voice_first" name="test_stt_missing_audio_field" time="0.019" /><testcase classname="tests.test_stage2_8_voice_first" name="test_stt_empty_audio_blob" time="0.014" /><testcase classname="tests.test_stage2_8_voice_first" name="test_stt_unsupported_mime" time="0.011" /><testcase classname="tests.test_stage2_8_voice_first" name="test_stt_oversize_audio" time="0.143" /><testcase classname="tests.test_stage2_8_voice_first" name="test_guide_inner_name_swapped_in_clarity_ai_prompt" time="0.005" /></testsuite></testsuites>