<?xml version="1.0" encoding="utf-8"?><testsuites name="pytest tests"><testsuite name="pytest" errors="0" failures="0" skipped="0" tests="12" time="4.320" timestamp="2026-04-25T18:39:18.481796+00:00" hostname="agent-env-e8fbb50e-1838-4619-b626-b43b6b6aabab"><testcase classname="backend.tests.test_iteration7.TestExperienceUnauthenticated" name="test_me_401" time="0.274" /><testcase classname="backend.tests.test_iteration7.TestExperienceUnauthenticated" name="test_start_401" time="0.189" /><testcase classname="backend.tests.test_iteration7.TestExperienceUnauthenticated" name="test_reflect_401" time="0.180" /><testcase classname="backend.tests.test_iteration7.TestExperienceUnauthenticated" name="test_reset_401" time="0.123" /><testcase classname="backend.tests.test_iteration7.TestExperienceFlow" name="test_initial_me" time="0.242" /><testcase classname="backend.tests.test_iteration7.TestExperienceFlow" name="test_start_sets_started" time="0.274" /><testcase classname="backend.tests.test_iteration7.TestExperienceFlow" name="test_reflect_empty_400" time="0.201" /><testcase classname="backend.tests.test_iteration7.TestExperienceFlow" name="test_reflect_too_short_400" time="0.136" /><testcase classname="backend.tests.test_iteration7.TestExperienceFlow" name="test_full_seven_step_flow" time="1.340" /><testcase classname="backend.tests.test_iteration7.TestExperienceFlow" name="test_reset_clears" time="0.305" /><testcase classname="backend.tests.test_iteration7.TestRegression" name="test_books_still_six" time="0.154" /><testcase classname="backend.tests.test_iteration7.TestRegression" name="test_brand_entry_exists" time="0.186" /></testsuite></testsuites>