<?xml version="1.0" encoding="utf-8"?><testsuites name="pytest tests"><testsuite name="pytest" errors="0" failures="0" skipped="0" tests="11" time="0.170" timestamp="2026-05-13T07:39:20.553204+00:00" hostname="agent-env-e8fbb50e-1838-4619-b626-b43b6b6aabab"><testcase classname="backend.tests.test_phase1_voice_status_lock" name="test_no_banned_state_labels_in_frontend" time="0.081" /><testcase classname="backend.tests.test_phase1_voice_status_lock" name="test_voice_status_row_is_the_single_source_of_truth" time="0.001" /><testcase classname="backend.tests.test_phase1_voice_status_lock" name="test_voice_status_row_only_emits_allowed_labels" time="0.000" /><testcase classname="backend.tests.test_phase0_numbered_list_strip" name="test_strips_long_enumeration_run_at_start" time="0.001" /><testcase classname="backend.tests.test_phase0_numbered_list_strip" name="test_strips_short_enumeration_run_at_start" time="0.000" /><testcase classname="backend.tests.test_phase0_numbered_list_strip" name="test_strips_enumeration_after_sentence_boundary" time="0.002" /><testcase classname="backend.tests.test_phase0_numbered_list_strip" name="test_preserves_clean_reply" time="0.001" /><testcase classname="backend.tests.test_phase0_numbered_list_strip" name="test_preserves_legitimate_inline_number" time="0.001" /><testcase classname="backend.tests.test_phase0_numbered_list_strip" name="test_sanitize_reply_pipeline_runs_layer0_first" time="0.005" /><testcase classname="backend.tests.test_phase0_numbered_list_strip" name="test_sanitize_reply_handles_whitespace_padding" time="0.001" /><testcase classname="backend.tests.test_phase0_numbered_list_strip" name="test_sanitize_reply_idempotent" time="0.001" /></testsuite></testsuites>