<?xml version="1.0" encoding="utf-8"?><testsuites name="pytest tests"><testsuite name="pytest" errors="0" failures="0" skipped="0" tests="20" time="9.786" timestamp="2026-05-05T12:25:29.307287+00:00" hostname="agent-env-e8fbb50e-1838-4619-b626-b43b6b6aabab"><testcase classname="backend.tests.test_iteration38.TestFreeBookDownload" name="test_night_angels_pdf_byte_verified" time="0.778" /><testcase classname="backend.tests.test_iteration38.TestFreeBookDownload" name="test_paid_book_blocked" time="0.202" /><testcase classname="backend.tests.test_iteration38.TestFreeBookDownload" name="test_cover_image" time="0.583" /><testcase classname="backend.tests.test_iteration38.TestLeadMagnet" name="test_send_returns_links" time="0.556" /><testcase classname="backend.tests.test_iteration38.TestLeadMagnet" name="test_duplicate_within_24h" time="0.623" /><testcase classname="backend.tests.test_iteration38.TestColoring" name="test_pages_list" time="0.211" /><testcase classname="backend.tests.test_iteration38.TestColoring" name="test_pages_filter" time="0.256" /><testcase classname="backend.tests.test_iteration38.TestColoring" name="test_generate_daily_unauth" time="0.285" /><testcase classname="backend.tests.test_iteration38.TestColoring" name="test_generate_daily_idempotent" time="0.265" /><testcase classname="backend.tests.test_iteration38.TestBodyRoomImages" name="test_image_serves[crown-overthinker]" time="0.317" /><testcase classname="backend.tests.test_iteration38.TestBodyRoomImages" name="test_image_serves[throat-unspoken]" time="0.527" /><testcase classname="backend.tests.test_iteration38.TestBodyRoomImages" name="test_image_serves[heart-compass]" time="0.514" /><testcase classname="backend.tests.test_iteration38.TestBodyRoomImages" name="test_image_serves[solar-plexus-control]" time="0.714" /><testcase classname="backend.tests.test_iteration38.TestBodyRoomImages" name="test_image_serves[belly-intuition]" time="0.658" /><testcase classname="backend.tests.test_iteration38.TestBodyRoomImages" name="test_image_serves[hips-archive]" time="0.646" /><testcase classname="backend.tests.test_iteration38.TestBodyRoomImages" name="test_image_serves[hands-boundary]" time="0.689" /><testcase classname="backend.tests.test_iteration38.TestBodyRoomImages" name="test_image_serves[feet-roots]" time="0.637" /><testcase classname="backend.tests.test_iteration38.TestWhispers" name="test_track_then_dedupe" time="0.208" /><testcase classname="backend.tests.test_iteration38.TestWhispers" name="test_summary_unauth" time="0.390" /><testcase classname="backend.tests.test_iteration38.TestWhispers" name="test_summary_authed" time="0.472" /></testsuite></testsuites>