<?xml version="1.0" encoding="utf-8"?><testsuites name="pytest tests"><testsuite name="pytest" errors="0" failures="19" skipped="0" tests="214" time="149.894" timestamp="2026-05-01T09:48:54.400750+00:00" hostname="agent-env-e8fbb50e-1838-4619-b626-b43b6b6aabab"><testcase classname="backend.tests.test_content_api" name="test_health" time="0.147" /><testcase classname="backend.tests.test_content_api" name="test_categories_seeded" time="0.050" /><testcase classname="backend.tests.test_content_api" name="test_library_entries" time="0.052" /><testcase classname="backend.tests.test_content_api" name="test_learning_entries" time="0.049" /><testcase classname="backend.tests.test_content_api" name="test_entry_detail" time="0.050"><failure message="AssertionError: assert 'Morning Orientation' == 'Morning Orientation Protocol'&#10;  &#10;  - Morning Orientation Protocol&#10;  ?                    ---------&#10;  + Morning Orientation">E   AssertionError: assert 'Morning Orientation' == 'Morning Orientation Protocol'
      
      - Morning Orientation Protocol
      ?                    ---------
      + Morning Orientation</failure></testcase><testcase classname="backend.tests.test_content_api" name="test_entry_not_found" time="0.050" /><testcase classname="backend.tests.test_content_api" name="test_filter_category" time="0.050" /><testcase classname="backend.tests.test_content_api" name="test_filter_access_free" time="0.052" /><testcase classname="backend.tests.test_content_api" name="test_search_q" time="0.056" /><testcase classname="backend.tests.test_content_api" name="test_create_category_and_duplicate" time="0.101" /><testcase classname="backend.tests.test_content_api" name="test_create_entry_parses_markdown" time="0.104" /><testcase classname="backend.tests.test_content_api" name="test_github_sync_stub" time="0.047"><failure message="AssertionError: assert 'not_configured' == 'not_connected'&#10;  &#10;  - not_connected&#10;  + not_configured">E   AssertionError: assert 'not_configured' == 'not_connected'
      
      - not_connected
      + not_configured</failure></testcase><testcase classname="backend.tests.test_content_api" name="test_ai_context" time="0.051" /><testcase classname="backend.tests.test_content_api" name="test_ai_chat_stub" time="0.048" /><testcase classname="backend.tests.test_iter3_auth_sync_reach.TestAuth" name="test_auth_me_unauth_returns_401" time="0.188" /><testcase classname="backend.tests.test_iter3_auth_sync_reach.TestAuth" name="test_auth_me_bad_bearer_returns_401" time="0.126" /><testcase classname="backend.tests.test_iter3_auth_sync_reach.TestAuth" name="test_auth_session_invalid_id_returns_401" time="0.242" /><testcase classname="backend.tests.test_iter3_auth_sync_reach.TestGithubSync" name="test_sync_no_repo_returns_not_configured" time="0.054" /><testcase classname="backend.tests.test_iter3_auth_sync_reach.TestGithubSync" name="test_sync_with_owner_repo_placeholder_is_not_configured" time="0.049" /><testcase classname="backend.tests.test_iter3_auth_sync_reach.TestGithubSync" name="test_sync_with_nonexistent_repo_returns_error_gracefully" time="0.270" /><testcase classname="backend.tests.test_iter3_auth_sync_reach.TestReachOut" name="test_reach_out_valid_payload" time="0.063" /><testcase classname="backend.tests.test_iter3_auth_sync_reach.TestReachOut" name="test_reach_out_missing_required_field" time="0.049" /><testcase classname="backend.tests.test_iter3_auth_sync_reach.TestBrandLegalSurfaces" name="test_brand_surface_returns_200" time="0.061" /><testcase classname="backend.tests.test_iter3_auth_sync_reach.TestBrandLegalSurfaces" name="test_legal_surface_returns_200" time="0.054" /><testcase classname="backend.tests.test_iter3_auth_sync_reach.TestRegression" name="test_health" time="0.049" /><testcase classname="backend.tests.test_iter3_auth_sync_reach.TestRegression" name="test_library_surface" time="0.052" /><testcase classname="backend.tests.test_iter3_auth_sync_reach.TestRegression" name="test_books_endpoint" time="0.053" /><testcase classname="backend.tests.test_iter3_auth_sync_reach.TestRegression" name="test_admin_entries" time="0.054" /><testcase classname="backend.tests.test_iter3_auth_sync_reach.TestRegression" name="test_validate_endpoint" time="0.051" /><testcase classname="backend.tests.test_iter4_books_legal.TestBooks" name="test_books_returns_4" time="0.171"><failure message="AssertionError: Missing: {'meditation-pack-volume-i', 'genesis-protocols-volume-ii-book', 'star-whispers-childrens-book', 'genesis-protocols-volume-i-book'}, all: {'angels-tales', 'beyond-the-matrix-ii', 'beyond-the-matrix-i', 'angels-story', 'the-language-of-angels', 'you-dont-have-to-dance-to-anothers-tune', 'the-night-angels-embrace', 'engels-friends-2'}&#10;assert False&#10; +  where False = &lt;built-in method issubset of set object at 0x7bb3d20eb920&gt;({'angels-story', 'angels-tales', 'beyond-the-matrix-i', 'beyond-the-matrix-ii', 'engels-friends-2', 'the-language-of-angels', ...})&#10; +    where &lt;built-in method issubset of set object at 0x7bb3d20eb920&gt; = {'genesis-protocols-volume-i-book', 'genesis-protocols-volume-ii-book', 'meditation-pack-volume-i', 'star-whispers-childrens-book'}.issubset">E   AssertionError: Missing: {'meditation-pack-volume-i', 'genesis-protocols-volume-ii-book', 'star-whispers-childrens-book', 'genesis-protocols-volume-i-book'}, all: {'angels-tales', 'beyond-the-matrix-ii', 'beyond-the-matrix-i', 'angels-story', 'the-language-of-angels', 'you-dont-have-to-dance-to-anothers-tune', 'the-night-angels-embrace', 'engels-friends-2'}
    assert False
     +  where False = &lt;built-in method issubset of set object at 0x7bb3d20eb920&gt;({'angels-story', 'angels-tales', 'beyond-the-matrix-i', 'beyond-the-matrix-ii', 'engels-friends-2', 'the-language-of-angels', ...})
     +    where &lt;built-in method issubset of set object at 0x7bb3d20eb920&gt; = {'genesis-protocols-volume-i-book', 'genesis-protocols-volume-ii-book', 'meditation-pack-volume-i', 'star-whispers-childrens-book'}.issubset</failure></testcase><testcase classname="backend.tests.test_iter4_books_legal.TestBooks" name="test_pricing_and_placeholders" time="0.127"><failure message="AssertionError: missing genesis-protocols-volume-i-book&#10;assert None is not None">E   AssertionError: missing genesis-protocols-volume-i-book
    assert None is not None</failure></testcase><testcase classname="backend.tests.test_iter4_books_legal.TestBooks" name="test_audience_kids_filter" time="0.118"><failure message="AssertionError: assert 4 == 1&#10; +  where 4 = len([{'audience': 'kids', 'author': 'prulesoul', 'cover_image_url': None, 'created_at': '2026-04-29T12:30:30.953248Z', ......{'audience': 'kids', 'author': 'prulesoul', 'cover_image_url': None, 'created_at': '2026-04-25T16:37:45.495540Z', ...}])">E   AssertionError: assert 4 == 1
     +  where 4 = len([{'audience': 'kids', 'author': 'prulesoul', 'cover_image_url': None, 'created_at': '2026-04-29T12:30:30.953248Z', ......{'audience': 'kids', 'author': 'prulesoul', 'cover_image_url': None, 'created_at': '2026-04-25T16:37:45.495540Z', ...}])</failure></testcase><testcase classname="backend.tests.test_iter4_books_legal.TestBooks" name="test_audience_adult_filter" time="0.143"><failure message="AssertionError: adult slugs: {'the-language-of-angels', 'beyond-the-matrix-ii', 'you-dont-have-to-dance-to-anothers-tune', 'beyond-the-matrix-i'}&#10;assert {'beyond-the-...nothers-tune'} == {'genesis-pro...ack-volume-i'}&#10;  &#10;  Extra items in the left set:&#10;  'the-language-of-angels'&#10;  'beyond-the-matrix-ii'&#10;  'you-dont-have-to-dance-to-anothers-tune'&#10;  'beyond-the-matrix-i'&#10;  Extra items in the right set:...&#10;  &#10;  ...Full output truncated (4 lines hidden), use '-vv' to show">E   AssertionError: adult slugs: {'the-language-of-angels', 'beyond-the-matrix-ii', 'you-dont-have-to-dance-to-anothers-tune', 'beyond-the-matrix-i'}
    assert {'beyond-the-...nothers-tune'} == {'genesis-pro...ack-volume-i'}
      
      Extra items in the left set:
      'the-language-of-angels'
      'beyond-the-matrix-ii'
      'you-dont-have-to-dance-to-anothers-tune'
      'beyond-the-matrix-i'
      Extra items in the right set:...
      
      ...Full output truncated (4 lines hidden), use '-vv' to show</failure></testcase><testcase classname="backend.tests.test_iter4_books_legal.TestLegal" name="test_legal_entries_4" time="0.146" /><testcase classname="backend.tests.test_iter4_books_legal.TestLegal" name="test_terms_h2_sections" time="0.118" /><testcase classname="backend.tests.test_iter4_books_legal.TestRegression" name="test_health" time="0.129" /><testcase classname="backend.tests.test_iter4_books_legal.TestRegression" name="test_auth_me_unauth" time="0.151" /><testcase classname="backend.tests.test_iter4_books_legal.TestRegression" name="test_github_sync_not_configured" time="0.124" /><testcase classname="backend.tests.test_iter4_books_legal.TestRegression" name="test_reach_out" time="0.118" /><testcase classname="backend.tests.test_iter4_books_legal.TestRegression" name="test_admin_validate" time="0.136" /><testcase classname="backend.tests.test_iter4_books_legal.TestRegression" name="test_library_audience_filter" time="0.120" /><testcase classname="backend.tests.test_iteration11.TestCabinetAuthGate" name="test_me_unauth_401" time="0.119" /><testcase classname="backend.tests.test_iteration11.TestCabinetAuthGate" name="test_start_unauth_401" time="0.117" /><testcase classname="backend.tests.test_iteration11.TestCabinetAuthGate" name="test_message_unauth_401" time="0.131" /><testcase classname="backend.tests.test_iteration11.TestCabinetAuthGate" name="test_clear_unauth_401" time="0.118" /><testcase classname="backend.tests.test_iteration11.TestCabinetFlow" name="test_me_initial" time="0.152" /><testcase classname="backend.tests.test_iteration11.TestCabinetFlow" name="test_start_returns_session_id" time="0.121" /><testcase classname="backend.tests.test_iteration11.TestCabinetFlow" name="test_message_normal_then_continuation_after_3" time="10.559" /><testcase classname="backend.tests.test_iteration11.TestCabinetFlow" name="test_message_crisis_keyword" time="0.354" /><testcase classname="backend.tests.test_iteration11.TestCabinetFlow" name="test_message_empty_400" time="0.287" /><testcase classname="backend.tests.test_iteration11.TestCabinetFlow" name="test_message_keep_thread_returns_thread_key" time="2.406" /><testcase classname="backend.tests.test_iteration11.TestCabinetFlow" name="test_clear_closes_session" time="2.744" /><testcase classname="backend.tests.test_iteration11.TestBooksRegression" name="test_books_list_has_at_least_eight" time="0.130" /><testcase classname="backend.tests.test_iteration11.TestBooksRegression" name="test_gated_download_requires_auth" time="0.126" /><testcase classname="backend.tests.test_iteration11.TestUntouchedRegression" name="test_blog_list" time="0.118" /><testcase classname="backend.tests.test_iteration11.TestUntouchedRegression" name="test_content_brand" time="0.137" /><testcase classname="backend.tests.test_iteration11.TestUntouchedRegression" name="test_experience_me_401" time="0.133" /><testcase classname="backend.tests.test_iteration14" name="test_start_seeds_greeting" time="0.285" /><testcase classname="backend.tests.test_iteration14" name="test_continuation_after_3_user_messages" time="5.660" /><testcase classname="backend.tests.test_iteration14" name="test_first_message_routes_correctly[i miss my ex so much, i can't let go-relationship_attachment]" time="2.134" /><testcase classname="backend.tests.test_iteration14" name="test_first_message_routes_correctly[i'm so afraid all the time, panic comes from nowhere-fear_anxiety]" time="3.369" /><testcase classname="backend.tests.test_iteration14" name="test_first_message_routes_correctly[i hate myself, this is all my fault, i feel worthless-self_worth]" time="1.909" /><testcase classname="backend.tests.test_iteration14" name="test_first_message_routes_correctly[i don't know who i am anymore, i lost myself-confusion_identity]" time="2.833" /><testcase classname="backend.tests.test_iteration14" name="test_first_message_routes_correctly[everything feels heavy, i'm exhausted and numb-emotion_release]" time="3.130" /><testcase classname="backend.tests.test_iteration14" name="test_first_message_routes_correctly[hello, i wanted to try this-default]" time="1.702" /><testcase classname="backend.tests.test_iteration14" name="test_path_locks_on_first_message" time="6.429" /><testcase classname="backend.tests.test_iteration14" name="test_crisis_overrides_routing" time="0.273" /><testcase classname="backend.tests.test_iteration17" name="test_step_view_requires_auth" time="0.139" /><testcase classname="backend.tests.test_iteration17" name="test_step_view_404_when_n_out_of_range" time="0.311" /><testcase classname="backend.tests.test_iteration17" name="test_step_view_403_when_step_not_completed" time="0.163" /><testcase classname="backend.tests.test_iteration17" name="test_step_view_200_when_completed" time="0.299" /><testcase classname="backend.tests.test_iteration17" name="test_cabinet_library_requires_auth" time="0.149" /><testcase classname="backend.tests.test_iteration17" name="test_cabinet_library_empty_for_fresh_user" time="0.154" /><testcase classname="backend.tests.test_iteration17" name="test_cabinet_library_returns_purchased_book" time="0.361" /><testcase classname="backend.tests.test_iteration21" name="test_health" time="0.125" /><testcase classname="backend.tests.test_iteration21" name="test_forged_signature_rejected" time="0.117" /><testcase classname="backend.tests.test_iteration21" name="test_invalid_json_with_valid_sig" time="0.162" /><testcase classname="backend.tests.test_iteration21" name="test_missing_custom_data_ignored" time="0.149" /><testcase classname="backend.tests.test_iteration21" name="test_order_created_grants_and_idempotent" time="0.360" /><testcase classname="backend.tests.test_iteration21" name="test_order_refunded_revokes" time="0.300" /><testcase classname="backend.tests.test_iteration21" name="test_download_unauth" time="0.168" /><testcase classname="backend.tests.test_iteration21" name="test_download_unknown_slug" time="0.409" /><testcase classname="backend.tests.test_iteration21" name="test_download_signed_in_non_owner" time="0.149" /><testcase classname="backend.tests.test_iteration21" name="test_download_after_grant" time="0.525" /><testcase classname="backend.tests.test_iteration23" name="test_crypto_roundtrip" time="0.002" /><testcase classname="backend.tests.test_iteration23" name="test_crypto_tamper_detected" time="0.002" /><testcase classname="backend.tests.test_iteration23" name="test_passes_endpoint_public" time="0.120" /><testcase classname="backend.tests.test_iteration23" name="test_health_encryption_configured" time="0.129" /><testcase classname="backend.tests.test_iteration23" name="test_access_unauth_returns_401" time="0.130" /><testcase classname="backend.tests.test_iteration23" name="test_access_default_no_pass" time="1.445" /><testcase classname="backend.tests.test_iteration23" name="test_user_message_encrypted_in_db" time="1.956" /><testcase classname="backend.tests.test_iteration23" name="test_cabinet_me_decrypts_user_messages" time="3.055" /><testcase classname="backend.tests.test_iteration23" name="test_paid_pass_suppresses_continuation" time="8.995" /><testcase classname="backend.tests.test_iteration23" name="test_dispute_unlock_admin_only" time="3.167" /><testcase classname="backend.tests.test_iteration23_extra" name="test_webhook_season_30days_grants_pass" time="0.226" /><testcase classname="backend.tests.test_iteration23_extra" name="test_night_angels_download_404" time="0.180" /><testcase classname="backend.tests.test_iteration23_extra" name="test_other_kids_pdfs_download[engels-friends-2]" time="0.572" /><testcase classname="backend.tests.test_iteration23_extra" name="test_other_kids_pdfs_download[angels-tales]" time="0.272" /><testcase classname="backend.tests.test_iteration23_extra" name="test_other_kids_pdfs_download[angels-story]" time="0.354" /><testcase classname="backend.tests.test_iteration24" name="test_status_initial_open" time="0.173" /><testcase classname="backend.tests.test_iteration24" name="test_me_unauth_returns_401" time="0.145" /><testcase classname="backend.tests.test_iteration24" name="test_me_default_not_enrolled" time="0.222" /><testcase classname="backend.tests.test_iteration24" name="test_enroll_grants_pass_and_books_idempotent" time="0.674" /><testcase classname="backend.tests.test_iteration24" name="test_enroll_cap_at_10" time="0.326" /><testcase classname="backend.tests.test_iteration25" name="test_prefs_unauth_401" time="0.129" /><testcase classname="backend.tests.test_iteration25" name="test_prefs_fresh_user" time="0.185" /><testcase classname="backend.tests.test_iteration25" name="test_prefs_stamp_consent" time="0.188" /><testcase classname="backend.tests.test_iteration25" name="test_prefs_validation_rejects_unknown_gender" time="0.164" /><testcase classname="backend.tests.test_iteration25" name="test_emergency_exit_closes_active_session" time="0.312" /><testcase classname="backend.tests.test_iteration25" name="test_emergency_exit_safe_without_active_session" time="0.157" /><testcase classname="backend.tests.test_iteration25" name="test_pruesoul_webhook_rejects_bad_signature" time="0.155" /><testcase classname="backend.tests.test_iteration25" name="test_pruesoul_webhook_accepts_live_secret_and_replays" time="0.332" /><testcase classname="backend.tests.test_iteration25" name="test_pruesoul_webhook_enrollment_mirrors_into_beta_counter" time="0.165" /><testcase classname="backend.tests.test_iteration26" name="test_hotspots_public" time="0.143" /><testcase classname="backend.tests.test_iteration26" name="test_insight_post_unauth_401" time="0.130" /><testcase classname="backend.tests.test_iteration26" name="test_insights_get_unauth_401" time="0.137" /><testcase classname="backend.tests.test_iteration26" name="test_record_and_retrieve" time="0.459" /><testcase classname="backend.tests.test_iteration26" name="test_body_image_endpoint" time="0.403" /><testcase classname="backend.tests.test_iteration26" name="test_unknown_region_rejected" time="0.270" /><testcase classname="backend.tests.test_iteration26" name="test_state_bridge_acknowledges_latest_insight" time="0.320" /><testcase classname="backend.tests.test_iteration26" name="test_state_bridge_silent_without_insight" time="0.170" /><testcase classname="backend.tests.test_iteration26" name="test_state_bridge_does_not_replay_acknowledged" time="0.215" /><testcase classname="backend.tests.test_iteration27" name="test_health_ai_and_tts_enabled" time="0.153" /><testcase classname="backend.tests.test_iteration27" name="test_cabinet_message_returns_real_claude_reply" time="2.659" /><testcase classname="backend.tests.test_iteration27" name="test_cabinet_multi_turn_context" time="8.030" /><testcase classname="backend.tests.test_iteration27" name="test_cabinet_crisis_wins" time="0.367" /><testcase classname="backend.tests.test_iteration27" name="test_tts_requires_auth" time="0.136" /><testcase classname="backend.tests.test_iteration27" name="test_tts_female_returns_audio" time="2.413" /><testcase classname="backend.tests.test_iteration27" name="test_tts_male_returns_audio" time="38.410" /><testcase classname="backend.tests.test_iteration27" name="test_tts_etag_304" time="3.318" /><testcase classname="backend.tests.test_iteration27" name="test_courses_list_has_four" time="0.148" /><testcase classname="backend.tests.test_iteration27" name="test_course_detail_signed_out_only_letter_one_unlocked" time="0.146" /><testcase classname="backend.tests.test_iteration27" name="test_course_enroll_idempotent" time="0.335" /><testcase classname="backend.tests.test_iteration27" name="test_course_detail_enrolled_shows_day1_unlock_at_for_rest" time="0.367" /><testcase classname="backend.tests.test_iteration27" name="test_course_enroll_unknown_slug_404" time="0.167" /><testcase classname="backend.tests.test_iteration27" name="test_course_enroll_requires_auth" time="0.153" /><testcase classname="backend.tests.test_iteration27" name="test_course_audio_files_served" time="0.813" /><testcase classname="backend.tests.test_iteration27" name="test_state_bridge_populates_body_context" time="0.323" /><testcase classname="backend.tests.test_iteration28" name="test_hotspots_returns_eight_in_order" time="0.148" /><testcase classname="backend.tests.test_iteration28" name="test_hotspots_required_fields_on_all" time="0.159" /><testcase classname="backend.tests.test_iteration28" name="test_only_new_three_have_why_it_speaks_to_you" time="0.140" /><testcase classname="backend.tests.test_iteration28" name="test_insight_accepts_new_region[shoulders]" time="0.183" /><testcase classname="backend.tests.test_iteration28" name="test_insight_accepts_new_region[throat]" time="0.168" /><testcase classname="backend.tests.test_iteration28" name="test_insight_accepts_new_region[hips]" time="0.164" /><testcase classname="backend.tests.test_iteration28" name="test_insight_old_regions_still_work[jaws]" time="0.164" /><testcase classname="backend.tests.test_iteration28" name="test_insight_old_regions_still_work[liver]" time="0.171" /><testcase classname="backend.tests.test_iteration28" name="test_insight_old_regions_still_work[heart]" time="0.172" /><testcase classname="backend.tests.test_iteration28" name="test_insight_old_regions_still_work[lungs]" time="0.171" /><testcase classname="backend.tests.test_iteration28" name="test_insight_old_regions_still_work[kidneys]" time="0.160" /><testcase classname="backend.tests.test_iteration28" name="test_insight_rejects_unknown_region" time="0.158" /><testcase classname="backend.tests.test_iteration28" name="test_existing_slug_serves_png[jaws-anger]" time="0.139" /><testcase classname="backend.tests.test_iteration28" name="test_existing_slug_serves_png[liver-bitterness]" time="0.146" /><testcase classname="backend.tests.test_iteration28" name="test_existing_slug_serves_png[heart-grief]" time="0.143" /><testcase classname="backend.tests.test_iteration28" name="test_existing_slug_serves_png[lungs-melancholy]" time="0.147" /><testcase classname="backend.tests.test_iteration28" name="test_existing_slug_serves_png[kidneys-fear]" time="0.156" /><testcase classname="backend.tests.test_iteration28" name="test_new_slug_returns_404_not_generated_yet[shoulders-burden]" time="0.153" /><testcase classname="backend.tests.test_iteration28" name="test_new_slug_returns_404_not_generated_yet[throat-unspoken]" time="0.137" /><testcase classname="backend.tests.test_iteration28" name="test_new_slug_returns_404_not_generated_yet[hips-held]" time="0.145" /><testcase classname="backend.tests.test_iteration28" name="test_unknown_slug_returns_image_not_found" time="0.148" /><testcase classname="backend.tests.test_iteration28" name="test_body_knows_first_audio_companion_swapped" time="0.152" /><testcase classname="backend.tests.test_iteration28" name="test_architecture_of_breath_mp3_served" time="0.152" /><testcase classname="backend.tests.test_iteration28" name="test_clarity_health_ai_and_tts_still_enabled" time="0.145" /><testcase classname="backend.tests.test_iteration5" name="test_auth_me_unauth" time="0.148" /><testcase classname="backend.tests.test_iteration5" name="test_brand_surface_has_about_the_author" time="0.055" /><testcase classname="backend.tests.test_iteration5" name="test_books_at_least_three" time="0.053"><failure message="assert False&#10; +  where False = any(&lt;generator object test_books_at_least_three.&lt;locals&gt;.&lt;genexpr&gt; at 0x7bb3d20e99a0&gt;)">E   assert False
     +  where False = any(&lt;generator object test_books_at_least_three.&lt;locals&gt;.&lt;genexpr&gt; at 0x7bb3d20e99a0&gt;)</failure></testcase><testcase classname="backend.tests.test_iteration5" name="test_legal_surface_has_refund_policy" time="0.051" /><testcase classname="backend.tests.test_iteration5" name="test_static_assets_load" time="0.180" /><testcase classname="backend.tests.test_iteration5" name="test_pages_no_5xx" time="0.213" /><testcase classname="backend.tests.test_iteration6.TestBooksInventory" name="test_returns_six_expected_books" time="0.179"><failure message="AssertionError: assert 8 == 6&#10; +  where 8 = len([{'audience': 'kids', 'author': 'prulesoul', 'cover_image_url': None, 'created_at': '2026-04-29T12:30:30.953248Z', ......ence': 'adult', 'author': 'prulesoul', 'cover_image_url': None, 'created_at': '2026-04-25T16:37:45.489523Z', ...}, ...])">E   AssertionError: assert 8 == 6
     +  where 8 = len([{'audience': 'kids', 'author': 'prulesoul', 'cover_image_url': None, 'created_at': '2026-04-29T12:30:30.953248Z', ......ence': 'adult', 'author': 'prulesoul', 'cover_image_url': None, 'created_at': '2026-04-25T16:37:45.489523Z', ...}, ...])</failure></testcase><testcase classname="backend.tests.test_iteration6.TestBooksInventory" name="test_audience_and_pricing" time="0.001"><failure message="AssertionError: the-night-angels-embrace&#10;assert 5.0 == 25.0&#10; +  where 5.0 = float(5.0)">E   AssertionError: the-night-angels-embrace
    assert 5.0 == 25.0
     +  where 5.0 = float(5.0)</failure></testcase><testcase classname="backend.tests.test_iteration6.TestBooksInventory" name="test_external_url_tax_and_lemonsqueezy" time="0.003"><failure message="AttributeError: 'NoneType' object has no attribute 'startswith'">E   AttributeError: 'NoneType' object has no attribute 'startswith'</failure></testcase><testcase classname="backend.tests.test_iteration6.TestBooksInventory" name="test_specific_pdf_and_cover" time="0.001"><failure message="AssertionError: assert '/api/cabinet...ales/download' == '/assets/book...els-tales.pdf'&#10;  &#10;  - /assets/books/angels-tales.pdf&#10;  + /api/cabinet/library/angels-tales/download">E   AssertionError: assert '/api/cabinet...ales/download' == '/assets/book...els-tales.pdf'
      
      - /assets/books/angels-tales.pdf
      + /api/cabinet/library/angels-tales/download</failure></testcase><testcase classname="backend.tests.test_iteration6.TestBookFilters" name="test_audience_adult" time="0.160"><failure message="AssertionError: assert 4 == 3&#10; +  where 4 = len([{'audience': 'adult', 'author': 'prulesoul', 'cover_image_url': None, 'created_at': '2026-04-27T10:53:25.532209Z', .....'audience': 'adult', 'author': 'prulesoul', 'cover_image_url': None, 'created_at': '2026-04-25T16:37:45.473165Z', ...}])">E   AssertionError: assert 4 == 3
     +  where 4 = len([{'audience': 'adult', 'author': 'prulesoul', 'cover_image_url': None, 'created_at': '2026-04-27T10:53:25.532209Z', .....'audience': 'adult', 'author': 'prulesoul', 'cover_image_url': None, 'created_at': '2026-04-25T16:37:45.473165Z', ...}])</failure></testcase><testcase classname="backend.tests.test_iteration6.TestBookFilters" name="test_audience_kids" time="0.149"><failure message="AssertionError: assert 4 == 3&#10; +  where 4 = len([{'audience': 'kids', 'author': 'prulesoul', 'cover_image_url': None, 'created_at': '2026-04-29T12:30:30.953248Z', ......{'audience': 'kids', 'author': 'prulesoul', 'cover_image_url': None, 'created_at': '2026-04-25T16:37:45.495540Z', ...}])">E   AssertionError: assert 4 == 3
     +  where 4 = len([{'audience': 'kids', 'author': 'prulesoul', 'cover_image_url': None, 'created_at': '2026-04-29T12:30:30.953248Z', ......{'audience': 'kids', 'author': 'prulesoul', 'cover_image_url': None, 'created_at': '2026-04-25T16:37:45.495540Z', ...}])</failure></testcase><testcase classname="backend.tests.test_iteration6.TestBookFilters" name="test_get_angels_tales" time="0.153"><failure message="AssertionError: assert '/api/cabinet...ales/download' == '/assets/book...els-tales.pdf'&#10;  &#10;  - /assets/books/angels-tales.pdf&#10;  + /api/cabinet/library/angels-tales/download">E   AssertionError: assert '/api/cabinet...ales/download' == '/assets/book...els-tales.pdf'
      
      - /assets/books/angels-tales.pdf
      + /api/cabinet/library/angels-tales/download</failure></testcase><testcase classname="backend.tests.test_iteration6.TestBookFilters" name="test_get_night_angels" time="0.184" /><testcase classname="backend.tests.test_iteration6.TestStaticAssets" name="test_static[/assets/books/angels-tales.pdf-application/pdf]" time="0.157"><failure message="AssertionError: text/html; charset=utf-8&#10;assert 'application/pdf' in 'text/html; charset=utf-8'&#10; +  where 'text/html; charset=utf-8' = get('content-type', '')&#10; +    where get = {'Date': 'Fri, 01 May 2026 09:51:17 GMT', 'Content-Type': 'text/html; charset=utf-8', 'Transfer-Encoding': 'chunked', ...gentagent.com; Expires=Fri, 01 May 2026 10:21:17 GMT', 'X-Robots-Tag': 'noindex, nofollow', 'Content-Encoding': 'gzip'}.get&#10; +      where {'Date': 'Fri, 01 May 2026 09:51:17 GMT', 'Content-Type': 'text/html; charset=utf-8', 'Transfer-Encoding': 'chunked', ...gentagent.com; Expires=Fri, 01 May 2026 10:21:17 GMT', 'X-Robots-Tag': 'noindex, nofollow', 'Content-Encoding': 'gzip'} = &lt;Response [200]&gt;.headers">E   AssertionError: text/html; charset=utf-8
    assert 'application/pdf' in 'text/html; charset=utf-8'
     +  where 'text/html; charset=utf-8' = get('content-type', '')
     +    where get = {'Date': 'Fri, 01 May 2026 09:51:17 GMT', 'Content-Type': 'text/html; charset=utf-8', 'Transfer-Encoding': 'chunked', ...gentagent.com; Expires=Fri, 01 May 2026 10:21:17 GMT', 'X-Robots-Tag': 'noindex, nofollow', 'Content-Encoding': 'gzip'}.get
     +      where {'Date': 'Fri, 01 May 2026 09:51:17 GMT', 'Content-Type': 'text/html; charset=utf-8', 'Transfer-Encoding': 'chunked', ...gentagent.com; Expires=Fri, 01 May 2026 10:21:17 GMT', 'X-Robots-Tag': 'noindex, nofollow', 'Content-Encoding': 'gzip'} = &lt;Response [200]&gt;.headers</failure></testcase><testcase classname="backend.tests.test_iteration6.TestStaticAssets" name="test_static[/assets/kids/visualisations/bedtime-angel.png-image/png]" time="0.197" /><testcase classname="backend.tests.test_iteration6.TestStaticAssets" name="test_static[/assets/kids/visualisations/book.mp4-video/mp4]" time="0.159" /><testcase classname="backend.tests.test_iteration6.TestStaticAssets" name="test_static[/assets/brand/pure-soul-life-card.png-image/png]" time="0.156" /><testcase classname="backend.tests.test_iteration6.TestSmoke" name="test_auth_me_unauthenticated" time="0.161" /><testcase classname="backend.tests.test_iteration7.TestExperienceUnauthenticated" name="test_me_401" time="0.150" /><testcase classname="backend.tests.test_iteration7.TestExperienceUnauthenticated" name="test_start_401" time="0.153" /><testcase classname="backend.tests.test_iteration7.TestExperienceUnauthenticated" name="test_reflect_401" time="0.146" /><testcase classname="backend.tests.test_iteration7.TestExperienceUnauthenticated" name="test_reset_401" time="0.134" /><testcase classname="backend.tests.test_iteration7.TestExperienceFlow" name="test_initial_me" time="0.186" /><testcase classname="backend.tests.test_iteration7.TestExperienceFlow" name="test_start_sets_started" time="0.298" /><testcase classname="backend.tests.test_iteration7.TestExperienceFlow" name="test_reflect_empty_400" time="0.165" /><testcase classname="backend.tests.test_iteration7.TestExperienceFlow" name="test_reflect_too_short_400" time="0.177" /><testcase classname="backend.tests.test_iteration7.TestExperienceFlow" name="test_full_seven_step_flow" time="1.370" /><testcase classname="backend.tests.test_iteration7.TestExperienceFlow" name="test_reset_clears" time="0.294" /><testcase classname="backend.tests.test_iteration7.TestRegression" name="test_books_still_six" time="0.159"><failure message="AssertionError: assert 8 == 6&#10; +  where 8 = len([{'audience': 'kids', 'author': 'prulesoul', 'cover_image_url': None, 'created_at': '2026-04-29T12:30:30.953248Z', ......ence': 'adult', 'author': 'prulesoul', 'cover_image_url': None, 'created_at': '2026-04-25T16:37:45.489523Z', ...}, ...])">E   AssertionError: assert 8 == 6
     +  where 8 = len([{'audience': 'kids', 'author': 'prulesoul', 'cover_image_url': None, 'created_at': '2026-04-29T12:30:30.953248Z', ......ence': 'adult', 'author': 'prulesoul', 'cover_image_url': None, 'created_at': '2026-04-25T16:37:45.489523Z', ...}, ...])</failure></testcase><testcase classname="backend.tests.test_iteration7.TestRegression" name="test_brand_entry_exists" time="0.166" /><testcase classname="backend.tests.test_iteration9.TestBlog" name="test_list_blog" time="0.165" /><testcase classname="backend.tests.test_iteration9.TestBlog" name="test_get_blog_slug" time="0.140" /><testcase classname="backend.tests.test_iteration9.TestBlog" name="test_blog_404" time="0.136" /><testcase classname="backend.tests.test_iteration9.TestNewsletter" name="test_newsletter_no_consent" time="0.132" /><testcase classname="backend.tests.test_iteration9.TestNewsletter" name="test_newsletter_invalid_email" time="0.160" /><testcase classname="backend.tests.test_iteration9.TestNewsletter" name="test_newsletter_valid_and_idempotent" time="0.203" /><testcase classname="backend.tests.test_iteration9.TestRegression" name="test_books_six" time="0.148"><failure message="AssertionError: assert 8 == 6&#10; +  where 8 = len([{'audience': 'kids', 'author': 'prulesoul', 'cover_image_url': None, 'created_at': '2026-04-29T12:30:30.953248Z', ......ence': 'adult', 'author': 'prulesoul', 'cover_image_url': None, 'created_at': '2026-04-25T16:37:45.489523Z', ...}, ...])">E   AssertionError: assert 8 == 6
     +  where 8 = len([{'audience': 'kids', 'author': 'prulesoul', 'cover_image_url': None, 'created_at': '2026-04-29T12:30:30.953248Z', ......ence': 'adult', 'author': 'prulesoul', 'cover_image_url': None, 'created_at': '2026-04-25T16:37:45.489523Z', ...}, ...])</failure></testcase><testcase classname="backend.tests.test_iteration9.TestRegression" name="test_brand_entry" time="0.140" /><testcase classname="backend.tests.test_iteration9.TestRegression" name="test_experience_unauth" time="0.153" /><testcase classname="backend.tests.test_phase2_continued" name="test_books_list_seeded" time="0.148"><failure message="AssertionError: assert 'genesis-protocols-volume-i-book' in {'angels-story', 'angels-tales', 'beyond-the-matrix-i', 'beyond-the-matrix-ii', 'engels-friends-2', 'the-language-of-angels', ...}">E   AssertionError: assert 'genesis-protocols-volume-i-book' in {'angels-story', 'angels-tales', 'beyond-the-matrix-i', 'beyond-the-matrix-ii', 'engels-friends-2', 'the-language-of-angels', ...}</failure></testcase><testcase classname="backend.tests.test_phase2_continued" name="test_book_detail_aurin_hub" time="0.057"><failure message="assert 404 == 200&#10; +  where 404 = &lt;Response [404]&gt;.status_code">E   assert 404 == 200
     +  where 404 = &lt;Response [404]&gt;.status_code</failure></testcase><testcase classname="backend.tests.test_phase2_continued" name="test_create_book_and_duplicate" time="0.117" /><testcase classname="backend.tests.test_phase2_continued" name="test_audience_grown_ups" time="0.054" /><testcase classname="backend.tests.test_phase2_continued" name="test_validate_empty" time="0.061" /><testcase classname="backend.tests.test_phase2_continued" name="test_validate_plain_text_no_headings" time="0.053" /><testcase classname="backend.tests.test_phase2_continued" name="test_validate_orphan_subheadings" time="0.057" /><testcase classname="backend.tests.test_phase2_continued" name="test_validate_h1_demoted" time="0.057" /><testcase classname="backend.tests.test_phase2_continued" name="test_validate_zero_width_and_excessive_blank" time="0.051" /><testcase classname="backend.tests.test_phase2_continued" name="test_validate_h2_to_h5_jump" time="0.052" /><testcase classname="backend.tests.test_phase2_continued" name="test_admin_entries_list" time="0.057" /><testcase classname="backend.tests.test_phase2_continued" name="test_admin_only_with_warnings" time="0.066" /></testsuite></testsuites>