<?xml version="1.0" encoding="utf-8"?><testsuites name="pytest tests"><testsuite name="pytest" errors="0" failures="2" skipped="0" tests="15" time="2.346" timestamp="2026-04-25T11:26:04.663434+00:00" hostname="agent-env-e8fbb50e-1838-4619-b626-b43b6b6aabab"><testcase classname="backend.tests.test_iter3_auth_sync_reach.TestAuth" name="test_auth_me_unauth_returns_401" time="0.287" /><testcase classname="backend.tests.test_iter3_auth_sync_reach.TestAuth" name="test_auth_me_bad_bearer_returns_401" time="0.123" /><testcase classname="backend.tests.test_iter3_auth_sync_reach.TestAuth" name="test_auth_session_invalid_id_returns_401" time="0.570" /><testcase classname="backend.tests.test_iter3_auth_sync_reach.TestGithubSync" name="test_sync_no_repo_returns_not_configured" time="0.052" /><testcase classname="backend.tests.test_iter3_auth_sync_reach.TestGithubSync" name="test_sync_with_owner_repo_placeholder_is_not_configured" time="0.043" /><testcase classname="backend.tests.test_iter3_auth_sync_reach.TestGithubSync" name="test_sync_with_nonexistent_repo_returns_error_gracefully" time="0.257" /><testcase classname="backend.tests.test_iter3_auth_sync_reach.TestReachOut" name="test_reach_out_valid_payload" time="0.047" /><testcase classname="backend.tests.test_iter3_auth_sync_reach.TestReachOut" name="test_reach_out_missing_required_field" time="0.046" /><testcase classname="backend.tests.test_iter3_auth_sync_reach.TestBrandLegalSurfaces" name="test_brand_surface_returns_200" time="0.050"><failure message="AssertionError: {&quot;detail&quot;:[{&quot;type&quot;:&quot;literal_error&quot;,&quot;loc&quot;:[&quot;query&quot;,&quot;surface&quot;],&quot;msg&quot;:&quot;Input should be 'library' or 'learning'&quot;,&quot;input&quot;:&quot;brand&quot;,&quot;ctx&quot;:{&quot;expected&quot;:&quot;'library' or 'learning'&quot;},&quot;url&quot;:&quot;https://errors.pydantic.dev/2.12/v/literal_error&quot;}]}&#10;assert 422 == 200&#10; +  where 422 = &lt;Response [422]&gt;.status_code">backend/tests/test_iter3_auth_sync_reach.py:97: in test_brand_surface_returns_200
    assert r.status_code == 200, r.text
E   AssertionError: {"detail":[{"type":"literal_error","loc":["query","surface"],"msg":"Input should be 'library' or 'learning'","input":"brand","ctx":{"expected":"'library' or 'learning'"},"url":"https://errors.pydantic.dev/2.12/v/literal_error"}]}
E   assert 422 == 200
E    +  where 422 = &lt;Response [422]&gt;.status_code</failure></testcase><testcase classname="backend.tests.test_iter3_auth_sync_reach.TestBrandLegalSurfaces" name="test_legal_surface_returns_200" time="0.043"><failure message="AssertionError: {&quot;detail&quot;:[{&quot;type&quot;:&quot;literal_error&quot;,&quot;loc&quot;:[&quot;query&quot;,&quot;surface&quot;],&quot;msg&quot;:&quot;Input should be 'library' or 'learning'&quot;,&quot;input&quot;:&quot;legal&quot;,&quot;ctx&quot;:{&quot;expected&quot;:&quot;'library' or 'learning'&quot;},&quot;url&quot;:&quot;https://errors.pydantic.dev/2.12/v/literal_error&quot;}]}&#10;assert 422 == 200&#10; +  where 422 = &lt;Response [422]&gt;.status_code">backend/tests/test_iter3_auth_sync_reach.py:105: in test_legal_surface_returns_200
    assert r.status_code == 200, r.text
E   AssertionError: {"detail":[{"type":"literal_error","loc":["query","surface"],"msg":"Input should be 'library' or 'learning'","input":"legal","ctx":{"expected":"'library' or 'learning'"},"url":"https://errors.pydantic.dev/2.12/v/literal_error"}]}
E   assert 422 == 200
E    +  where 422 = &lt;Response [422]&gt;.status_code</failure></testcase><testcase classname="backend.tests.test_iter3_auth_sync_reach.TestRegression" name="test_health" time="0.042" /><testcase classname="backend.tests.test_iter3_auth_sync_reach.TestRegression" name="test_library_surface" time="0.048" /><testcase classname="backend.tests.test_iter3_auth_sync_reach.TestRegression" name="test_books_endpoint" time="0.046" /><testcase classname="backend.tests.test_iter3_auth_sync_reach.TestRegression" name="test_admin_entries" time="0.047" /><testcase classname="backend.tests.test_iter3_auth_sync_reach.TestRegression" name="test_validate_endpoint" time="0.261" /></testsuite></testsuites>