<?xml version="1.0" encoding="utf-8"?><testsuites name="pytest tests"><testsuite name="pytest" errors="0" failures="0" skipped="0" tests="12" time="1.230" timestamp="2026-04-25T09:18:22.629925+00:00" hostname="agent-env-e8fbb50e-1838-4619-b626-b43b6b6aabab"><testcase classname="backend.tests.test_phase2_continued" name="test_books_list_seeded" time="0.213" /><testcase classname="backend.tests.test_phase2_continued" name="test_book_detail_aurin_hub" time="0.053" /><testcase classname="backend.tests.test_phase2_continued" name="test_create_book_and_duplicate" time="0.137" /><testcase classname="backend.tests.test_phase2_continued" name="test_audience_grown_ups" time="0.052" /><testcase classname="backend.tests.test_phase2_continued" name="test_validate_empty" time="0.050" /><testcase classname="backend.tests.test_phase2_continued" name="test_validate_plain_text_no_headings" time="0.050" /><testcase classname="backend.tests.test_phase2_continued" name="test_validate_orphan_subheadings" time="0.050" /><testcase classname="backend.tests.test_phase2_continued" name="test_validate_h1_demoted" time="0.052" /><testcase classname="backend.tests.test_phase2_continued" name="test_validate_zero_width_and_excessive_blank" time="0.053" /><testcase classname="backend.tests.test_phase2_continued" name="test_validate_h2_to_h5_jump" time="0.061" /><testcase classname="backend.tests.test_phase2_continued" name="test_admin_entries_list" time="0.055" /><testcase classname="backend.tests.test_phase2_continued" name="test_admin_only_with_warnings" time="0.053" /></testsuite></testsuites>