<?xml version="1.0" encoding="utf-8"?><testsuites name="pytest tests"><testsuite name="pytest" errors="0" failures="0" skipped="0" tests="53" time="19.975" timestamp="2026-04-29T13:15:55.890043+00:00" hostname="agent-env-e8fbb50e-1838-4619-b626-b43b6b6aabab"><testcase classname="tests.test_iteration23" name="test_crypto_roundtrip" time="0.011" /><testcase classname="tests.test_iteration23" name="test_crypto_tamper_detected" time="0.002" /><testcase classname="tests.test_iteration23" name="test_passes_endpoint_public" time="0.295" /><testcase classname="tests.test_iteration23" name="test_health_encryption_configured" time="0.180" /><testcase classname="tests.test_iteration23" name="test_access_unauth_returns_401" time="0.172" /><testcase classname="tests.test_iteration23" name="test_access_default_no_pass" time="0.226" /><testcase classname="tests.test_iteration23" name="test_user_message_encrypted_in_db" time="0.388" /><testcase classname="tests.test_iteration23" name="test_cabinet_me_decrypts_user_messages" time="0.524" /><testcase classname="tests.test_iteration23" name="test_paid_pass_suppresses_continuation" time="0.937" /><testcase classname="tests.test_iteration23" name="test_dispute_unlock_admin_only" time="1.125" /><testcase classname="tests.test_iteration11.TestCabinetAuthGate" name="test_me_unauth_401" time="0.165" /><testcase classname="tests.test_iteration11.TestCabinetAuthGate" name="test_start_unauth_401" time="0.138" /><testcase classname="tests.test_iteration11.TestCabinetAuthGate" name="test_message_unauth_401" time="0.328" /><testcase classname="tests.test_iteration11.TestCabinetAuthGate" name="test_clear_unauth_401" time="0.248" /><testcase classname="tests.test_iteration11.TestCabinetFlow" name="test_me_initial" time="0.307" /><testcase classname="tests.test_iteration11.TestCabinetFlow" name="test_start_returns_session_id" time="0.191" /><testcase classname="tests.test_iteration11.TestCabinetFlow" name="test_message_normal_then_continuation_after_3" time="0.727" /><testcase classname="tests.test_iteration11.TestCabinetFlow" name="test_message_crisis_keyword" time="0.327" /><testcase classname="tests.test_iteration11.TestCabinetFlow" name="test_message_empty_400" time="0.318" /><testcase classname="tests.test_iteration11.TestCabinetFlow" name="test_message_keep_thread_returns_thread_key" time="0.468" /><testcase classname="tests.test_iteration11.TestCabinetFlow" name="test_clear_closes_session" time="0.775" /><testcase classname="tests.test_iteration11.TestBooksRegression" name="test_books_list_has_at_least_eight" time="0.225" /><testcase classname="tests.test_iteration11.TestBooksRegression" name="test_gated_download_requires_auth" time="0.185" /><testcase classname="tests.test_iteration11.TestUntouchedRegression" name="test_blog_list" time="0.798" /><testcase classname="tests.test_iteration11.TestUntouchedRegression" name="test_content_brand" time="0.259" /><testcase classname="tests.test_iteration11.TestUntouchedRegression" name="test_experience_me_401" time="0.264" /><testcase classname="tests.test_iteration14" name="test_start_seeds_greeting" time="0.346" /><testcase classname="tests.test_iteration14" name="test_continuation_after_3_user_messages" time="0.887" /><testcase classname="tests.test_iteration14" name="test_first_message_routes_correctly[i miss my ex so much, i can't let go-relationship_attachment]" time="0.273" /><testcase classname="tests.test_iteration14" name="test_first_message_routes_correctly[i'm so afraid all the time, panic comes from nowhere-fear_anxiety]" time="0.366" /><testcase classname="tests.test_iteration14" name="test_first_message_routes_correctly[i hate myself, this is all my fault, i feel worthless-self_worth]" time="0.304" /><testcase classname="tests.test_iteration14" name="test_first_message_routes_correctly[i don't know who i am anymore, i lost myself-confusion_identity]" time="0.307" /><testcase classname="tests.test_iteration14" name="test_first_message_routes_correctly[everything feels heavy, i'm exhausted and numb-emotion_release]" time="0.441" /><testcase classname="tests.test_iteration14" name="test_first_message_routes_correctly[hello, i wanted to try this-default]" time="0.404" /><testcase classname="tests.test_iteration14" name="test_path_locks_on_first_message" time="0.672" /><testcase classname="tests.test_iteration14" name="test_crisis_overrides_routing" time="0.494" /><testcase classname="tests.test_iteration17" name="test_step_view_requires_auth" time="0.419" /><testcase classname="tests.test_iteration17" name="test_step_view_404_when_n_out_of_range" time="0.814" /><testcase classname="tests.test_iteration17" name="test_step_view_403_when_step_not_completed" time="0.332" /><testcase classname="tests.test_iteration17" name="test_step_view_200_when_completed" time="0.288" /><testcase classname="tests.test_iteration17" name="test_cabinet_library_requires_auth" time="0.133" /><testcase classname="tests.test_iteration17" name="test_cabinet_library_empty_for_fresh_user" time="0.202" /><testcase classname="tests.test_iteration17" name="test_cabinet_library_returns_purchased_book" time="0.225" /><testcase classname="tests.test_iteration21" name="test_health" time="0.167" /><testcase classname="tests.test_iteration21" name="test_forged_signature_rejected" time="0.148" /><testcase classname="tests.test_iteration21" name="test_invalid_json_with_valid_sig" time="0.348" /><testcase classname="tests.test_iteration21" name="test_missing_custom_data_ignored" time="0.201" /><testcase classname="tests.test_iteration21" name="test_order_created_grants_and_idempotent" time="0.325" /><testcase classname="tests.test_iteration21" name="test_order_refunded_revokes" time="0.314" /><testcase classname="tests.test_iteration21" name="test_download_unauth" time="0.141" /><testcase classname="tests.test_iteration21" name="test_download_unknown_slug" time="0.142" /><testcase classname="tests.test_iteration21" name="test_download_signed_in_non_owner" time="0.181" /><testcase classname="tests.test_iteration21" name="test_download_after_grant" time="0.413" /></testsuite></testsuites>