<?xml version="1.0" encoding="utf-8"?><testsuites name="pytest tests"><testsuite name="pytest" errors="0" failures="0" skipped="0" tests="25" time="6.357" timestamp="2026-05-20T15:30:13.710173+00:00" hostname="agent-env-e8fbb50e-1838-4619-b626-b43b6b6aabab"><testcase classname="backend.tests.test_systematic_audit_iter73" name="test_health" time="1.458" /><testcase classname="backend.tests.test_systematic_audit_iter73" name="test_health_public_ingress" time="2.300" /><testcase classname="backend.tests.test_systematic_audit_iter73" name="test_auth_me_unauth_returns_401" time="0.088" /><testcase classname="backend.tests.test_systematic_audit_iter73" name="test_magic_link_request_returns_200" time="0.533" /><testcase classname="backend.tests.test_systematic_audit_iter73" name="test_telemetry_whitelisted_event[cabinet_paywall_view]" time="0.075" /><testcase classname="backend.tests.test_systematic_audit_iter73" name="test_telemetry_whitelisted_event[cabinet_paywall_cta]" time="0.066" /><testcase classname="backend.tests.test_systematic_audit_iter73" name="test_telemetry_whitelisted_event[tier_cta_click]" time="0.060" /><testcase classname="backend.tests.test_systematic_audit_iter73" name="test_telemetry_whitelisted_event[tier_support_click]" time="0.079" /><testcase classname="backend.tests.test_systematic_audit_iter73" name="test_telemetry_whitelisted_event[waitlist_join_submit]" time="0.053" /><testcase classname="backend.tests.test_systematic_audit_iter73" name="test_telemetry_whitelisted_event[portal_magic_link_request]" time="0.053" /><testcase classname="backend.tests.test_systematic_audit_iter73" name="test_telemetry_whitelisted_event[voice_session_blocked_no_balance]" time="0.056" /><testcase classname="backend.tests.test_systematic_audit_iter73" name="test_telemetry_unknown_event_rejected" time="0.063" /><testcase classname="backend.tests.test_systematic_audit_iter73" name="test_telemetry_crash_beacon" time="0.066" /><testcase classname="backend.tests.test_systematic_audit_iter73" name="test_admin_crashes_with_token" time="0.062" /><testcase classname="backend.tests.test_systematic_audit_iter73" name="test_admin_crashes_without_token_returns_401" time="0.057" /><testcase classname="backend.tests.test_systematic_audit_iter73" name="test_admin_ledger_diff" time="0.059" /><testcase classname="backend.tests.test_systematic_audit_iter73" name="test_presence_zero_balance_voice_returns_402" time="0.153" /><testcase classname="backend.tests.test_systematic_audit_iter73" name="test_presence_text_mode_always_passes" time="0.098" /><testcase classname="backend.tests.test_systematic_audit_iter73" name="test_presence_unlimited_user_passes" time="0.108" /><testcase classname="backend.tests.test_systematic_audit_iter73" name="test_presence_with_balance_passes_returns_session_id" time="0.106" /><testcase classname="backend.tests.test_systematic_audit_iter73" name="test_books_endpoint" time="0.064" /><testcase classname="backend.tests.test_systematic_audit_iter73" name="test_six_nights_endpoint" time="0.118" /><testcase classname="backend.tests.test_systematic_audit_iter73" name="test_membership_tiers_endpoint" time="0.064" /><testcase classname="backend.tests.test_systematic_audit_iter73" name="test_clarity_passes_endpoint" time="0.062" /><testcase classname="backend.tests.test_systematic_audit_iter73" name="test_clarity_signed_url_zero_balance_voice_returns_402" time="0.142" /></testsuite></testsuites>