<?xml version="1.0" encoding="utf-8"?><testsuites name="pytest tests"><testsuite name="pytest" errors="0" failures="0" skipped="0" tests="29" time="11.261" timestamp="2026-05-25T10:06:00.256528+00:00" hostname="agent-env-e8fbb50e-1838-4619-b626-b43b6b6aabab"><testcase classname="tests.test_kids_curriculum_iter76.TestModules" name="test_modules_shape" time="2.330" /><testcase classname="tests.test_kids_curriculum_iter76.TestActivitiesList" name="test_little_dreamers_min8" time="0.066" /><testcase classname="tests.test_kids_curriculum_iter76.TestActivitiesList" name="test_explorers_min8" time="0.062" /><testcase classname="tests.test_kids_curriculum_iter76.TestActivitiesList" name="test_dreamweavers_min8" time="0.061" /><testcase classname="tests.test_kids_curriculum_iter76.TestActivitiesList" name="test_legacy_slug_3_5" time="0.062" /><testcase classname="tests.test_kids_curriculum_iter76.TestActivitiesList" name="test_legacy_slug_6_8" time="0.061" /><testcase classname="tests.test_kids_curriculum_iter76.TestActivitiesList" name="test_legacy_slug_9_12" time="0.056" /><testcase classname="tests.test_kids_curriculum_iter76.TestActivitiesList" name="test_module_filter_kitchen" time="0.061" /><testcase classname="tests.test_kids_curriculum_iter76.TestActivitiesList" name="test_free_only_excludes_premium" time="0.060" /><testcase classname="tests.test_kids_curriculum_iter76.TestLockRules" name="test_unauthenticated_premium_locked" time="0.059" /><testcase classname="tests.test_kids_curriculum_iter76.TestLockRules" name="test_non_premium_user_locked" time="0.275" /><testcase classname="tests.test_kids_curriculum_iter76.TestLockRules" name="test_premium_user_unlocked" time="0.224" /><testcase classname="tests.test_kids_curriculum_iter76.TestActivityDetail" name="test_detail_free" time="0.058" /><testcase classname="tests.test_kids_curriculum_iter76.TestActivityDetail" name="test_detail_premium_unauth_locked" time="0.058" /><testcase classname="tests.test_kids_curriculum_iter76.TestActivityDetail" name="test_detail_404" time="0.057" /><testcase classname="tests.test_kids_curriculum_iter76.TestActivityDetail" name="test_detail_premium_user_unlocked" time="0.207" /><testcase classname="tests.test_kids_curriculum_iter76.TestComplete" name="test_complete_free_activity" time="0.707" /><testcase classname="tests.test_kids_curriculum_iter76.TestComplete" name="test_complete_premium_blocked_for_non_premium" time="0.721" /><testcase classname="tests.test_kids_curriculum_iter76.TestComplete" name="test_complete_invalid_slug" time="0.688" /><testcase classname="tests.test_kids_curriculum_iter76.TestComplete" name="test_complete_wrong_age" time="0.684" /><testcase classname="tests.test_kids_curriculum_iter76.TestMoodCheckin" name="test_checkin_first_call_awards_star" time="0.279" /><testcase classname="tests.test_kids_curriculum_iter76.TestMoodCheckin" name="test_checkin_idempotent_same_day" time="0.731" /><testcase classname="tests.test_kids_curriculum_iter76.TestMoodCheckin" name="test_checkin_invalid_mood_defaults_okay" time="0.681" /><testcase classname="tests.test_kids_curriculum_iter76.TestMoodCheckin" name="test_checkin_unauth_401" time="0.056" /><testcase classname="tests.test_kids_curriculum_iter76.TestMoodMeAndPortal" name="test_mood_me_scoped" time="0.185" /><testcase classname="tests.test_kids_curriculum_iter76.TestMoodMeAndPortal" name="test_parent_portal_aggregate" time="0.175" /><testcase classname="tests.test_kids_curriculum_iter76.TestRegression" name="test_angel_stars_me_still_works" time="0.169" /><testcase classname="tests.test_kids_curriculum_iter76.TestRegression" name="test_curriculum_bypasses_rate_limit" time="0.444" /><testcase classname="tests.test_kids_curriculum_iter76.TestRegression" name="test_mood_bypasses_rate_limit" time="1.612" /></testsuite></testsuites>