<?xml version="1.0" encoding="utf-8"?><testsuites name="pytest tests"><testsuite name="pytest" errors="0" failures="0" skipped="0" tests="13" time="2.035" timestamp="2026-04-25T16:43:09.650630+00:00" hostname="agent-env-e8fbb50e-1838-4619-b626-b43b6b6aabab"><testcase classname="backend.tests.test_iteration6.TestBooksInventory" name="test_returns_six_expected_books" time="0.229" /><testcase classname="backend.tests.test_iteration6.TestBooksInventory" name="test_audience_and_pricing" time="0.001" /><testcase classname="backend.tests.test_iteration6.TestBooksInventory" name="test_external_url_tax_and_lemonsqueezy" time="0.001" /><testcase classname="backend.tests.test_iteration6.TestBooksInventory" name="test_specific_pdf_and_cover" time="0.001" /><testcase classname="backend.tests.test_iteration6.TestBookFilters" name="test_audience_adult" time="0.222" /><testcase classname="backend.tests.test_iteration6.TestBookFilters" name="test_audience_kids" time="0.172" /><testcase classname="backend.tests.test_iteration6.TestBookFilters" name="test_get_angels_tales" time="0.140" /><testcase classname="backend.tests.test_iteration6.TestBookFilters" name="test_get_night_angels" time="0.148" /><testcase classname="backend.tests.test_iteration6.TestStaticAssets" name="test_static[/assets/books/angels-tales.pdf-application/pdf]" time="0.165" /><testcase classname="backend.tests.test_iteration6.TestStaticAssets" name="test_static[/assets/kids/visualisations/bedtime-angel.png-image/png]" time="0.148" /><testcase classname="backend.tests.test_iteration6.TestStaticAssets" name="test_static[/assets/kids/visualisations/book.mp4-video/mp4]" time="0.147" /><testcase classname="backend.tests.test_iteration6.TestStaticAssets" name="test_static[/assets/brand/pure-soul-life-card.png-image/png]" time="0.150" /><testcase classname="backend.tests.test_iteration6.TestSmoke" name="test_auth_me_unauthenticated" time="0.154" /></testsuite></testsuites>