<?xml version="1.0" encoding="utf-8"?><testsuites name="pytest tests"><testsuite name="pytest" errors="0" failures="0" skipped="0" tests="17" time="23.312" timestamp="2026-05-25T09:25:18.162992+00:00" hostname="agent-env-e8fbb50e-1838-4619-b626-b43b6b6aabab"><testcase classname="tests.test_angel_stars_iter75.TestCatalog" name="test_catalog_full" time="0.395" /><testcase classname="tests.test_angel_stars_iter75.TestCatalog" name="test_catalog_by_age[little-dreamers-5]" time="0.219" /><testcase classname="tests.test_angel_stars_iter75.TestCatalog" name="test_catalog_by_age[explorers-5]" time="0.197" /><testcase classname="tests.test_angel_stars_iter75.TestCatalog" name="test_catalog_by_age[dreamweavers-5]" time="0.223" /><testcase classname="tests.test_angel_stars_iter75.TestCatalog" name="test_catalog_legacy_slugs[3-5-little-dreamers]" time="0.409" /><testcase classname="tests.test_angel_stars_iter75.TestCatalog" name="test_catalog_legacy_slugs[6-8-explorers]" time="0.401" /><testcase classname="tests.test_angel_stars_iter75.TestCatalog" name="test_catalog_legacy_slugs[9-12-dreamweavers]" time="0.395" /><testcase classname="tests.test_angel_stars_iter75.TestMe" name="test_me_requires_auth" time="0.195" /><testcase classname="tests.test_angel_stars_iter75.TestMe" name="test_me_authed_structure" time="0.475" /><testcase classname="tests.test_angel_stars_iter75.TestLifecycle" name="test_request_approve_increments" time="0.988" /><testcase classname="tests.test_angel_stars_iter75.TestLifecycle" name="test_reject_no_balance_change" time="0.866" /><testcase classname="tests.test_angel_stars_iter75.TestLifecycle" name="test_invalid_action_slug" time="0.202" /><testcase classname="tests.test_angel_stars_iter75.TestLifecycle" name="test_age_mismatch" time="0.231" /><testcase classname="tests.test_angel_stars_iter75.TestRedeem" name="test_redeem_insufficient" time="0.238" /><testcase classname="tests.test_angel_stars_iter75.TestRedeem" name="test_redeem_after_threshold" time="16.484" /><testcase classname="tests.test_angel_stars_iter75.TestParentPortal" name="test_parent_portal_structure" time="0.446" /><testcase classname="tests.test_angel_stars_iter75.TestParentPortal" name="test_parent_portal_requires_auth" time="0.556" /></testsuite></testsuites>