<?xml version="1.0" encoding="utf-8"?><testsuites name="pytest tests"><testsuite name="pytest" errors="0" failures="0" skipped="0" tests="12" time="4.450" timestamp="2026-06-24T18:32:32.611370+00:00" hostname="agent-env-e8fbb50e-1838-4619-b626-b43b6b6aabab"><testcase classname="backend.tests.test_insights_iter89.TestInsightsEvent" name="test_pageview_accepted_returns_204" time="0.338" /><testcase classname="backend.tests.test_insights_iter89.TestInsightsEvent" name="test_unknown_event_type_rejected_400" time="0.158" /><testcase classname="backend.tests.test_insights_iter89.TestInsightsEvent" name="test_event_persisted_visible_in_summary" time="1.154" /><testcase classname="backend.tests.test_insights_iter89.TestInsightsIntake" name="test_each_valid_option_accepted_204[i_need_a_quieter_evening]" time="0.413" /><testcase classname="backend.tests.test_insights_iter89.TestInsightsIntake" name="test_each_valid_option_accepted_204[family_life_feels_complicated]" time="0.138" /><testcase classname="backend.tests.test_insights_iter89.TestInsightsIntake" name="test_each_valid_option_accepted_204[i_need_clarity_about_something]" time="0.159" /><testcase classname="backend.tests.test_insights_iter89.TestInsightsIntake" name="test_each_valid_option_accepted_204[i_feel_disconnected_from_myself]" time="0.200" /><testcase classname="backend.tests.test_insights_iter89.TestInsightsIntake" name="test_each_valid_option_accepted_204[looking_for_something_for_my_child]" time="0.170" /><testcase classname="backend.tests.test_insights_iter89.TestInsightsIntake" name="test_each_valid_option_accepted_204[just_curious]" time="0.243" /><testcase classname="backend.tests.test_insights_iter89.TestInsightsIntake" name="test_unknown_answer_rejected_400" time="0.138" /><testcase classname="backend.tests.test_insights_iter89.TestInsightsIntake" name="test_intake_with_note_appears_in_recent_notes" time="0.870" /><testcase classname="backend.tests.test_insights_iter89.TestInsightsSummary" name="test_summary_schema" time="0.251" /></testsuite></testsuites>