<?xml version="1.0" encoding="utf-8"?><testsuites name="pytest tests"><testsuite name="pytest" errors="0" failures="1" skipped="0" tests="24" time="9.215" timestamp="2026-05-01T09:48:23.547179+00:00" hostname="agent-env-e8fbb50e-1838-4619-b626-b43b6b6aabab"><testcase classname="backend.tests.test_iteration28" name="test_hotspots_returns_eight_in_order" time="3.385" /><testcase classname="backend.tests.test_iteration28" name="test_hotspots_required_fields_on_all" time="0.157" /><testcase classname="backend.tests.test_iteration28" name="test_only_new_three_have_why_it_speaks_to_you" time="0.180" /><testcase classname="backend.tests.test_iteration28" name="test_insight_accepts_new_region[shoulders]" time="0.290" /><testcase classname="backend.tests.test_iteration28" name="test_insight_accepts_new_region[throat]" time="0.204" /><testcase classname="backend.tests.test_iteration28" name="test_insight_accepts_new_region[hips]" time="0.185" /><testcase classname="backend.tests.test_iteration28" name="test_insight_old_regions_still_work[jaws]" time="0.163" /><testcase classname="backend.tests.test_iteration28" name="test_insight_old_regions_still_work[liver]" time="0.214" /><testcase classname="backend.tests.test_iteration28" name="test_insight_old_regions_still_work[heart]" time="0.244" /><testcase classname="backend.tests.test_iteration28" name="test_insight_old_regions_still_work[lungs]" time="0.213" /><testcase classname="backend.tests.test_iteration28" name="test_insight_old_regions_still_work[kidneys]" time="0.192" /><testcase classname="backend.tests.test_iteration28" name="test_insight_rejects_unknown_region" time="0.227" /><testcase classname="backend.tests.test_iteration28" name="test_existing_slug_serves_png[jaws-anger]" time="0.180" /><testcase classname="backend.tests.test_iteration28" name="test_existing_slug_serves_png[liver-bitterness]" time="0.203" /><testcase classname="backend.tests.test_iteration28" name="test_existing_slug_serves_png[heart-grief]" time="0.183" /><testcase classname="backend.tests.test_iteration28" name="test_existing_slug_serves_png[lungs-melancholy]" time="0.195" /><testcase classname="backend.tests.test_iteration28" name="test_existing_slug_serves_png[kidneys-fear]" time="0.169" /><testcase classname="backend.tests.test_iteration28" name="test_new_slug_returns_404_not_generated_yet[shoulders-burden]" time="0.154" /><testcase classname="backend.tests.test_iteration28" name="test_new_slug_returns_404_not_generated_yet[throat-unspoken]" time="0.172" /><testcase classname="backend.tests.test_iteration28" name="test_new_slug_returns_404_not_generated_yet[hips-held]" time="0.180" /><testcase classname="backend.tests.test_iteration28" name="test_unknown_slug_returns_image_not_found" time="0.172" /><testcase classname="backend.tests.test_iteration28" name="test_body_knows_first_audio_companion_swapped" time="0.165"><failure message="AssertionError: audio_companion mismatch: None&#10;assert None == '/assets/audio/courses/the-architecture-of-breath.mp3'&#10; +  where None = &lt;built-in method get of dict object at 0x7ba2b8cdef40&gt;('audio_companion')&#10; +    where &lt;built-in method get of dict object at 0x7ba2b8cdef40&gt; = {'course': {'audience': 'adult', 'audio_companion': '/assets/audio/courses/the-architecture-of-breath.mp3', 'audio_title': 'The architecture of breath', 'blurb': 'A companion course to The Body Room — slow daily attention to where emotions live, and how they leave.', ...}, 'enrolled': False, 'letters': [{'body': 'Before anything else, scan slowly from head to feet. Where is the body holding tonight? Do not fix it. Just notice.', 'day': 1, 'is_preview': True, 'prompt': 'Where in the body did I find the most quiet weight?', ...}, {'body': None, 'day': 2, 'is_preview': False, 'prompt': None, ...}, {'body': None, 'day': 3, 'is_preview': False, 'prompt': None, ...}, {'body': None, 'day': 4, 'is_preview': False, 'prompt': None, ...}, {'body': None, 'day': 5, 'is_preview': False, 'prompt': None, ...}, {'body': None, 'day': 6, 'is_preview': False, 'prompt': None, ...}, ...], 'started_at': None}.get">backend/tests/test_iteration28.py:230: in test_body_knows_first_audio_companion_swapped
    assert body.get("audio_companion") == (
E   AssertionError: audio_companion mismatch: None
E   assert None == '/assets/audio/courses/the-architecture-of-breath.mp3'
E    +  where None = &lt;built-in method get of dict object at 0x7ba2b8cdef40&gt;('audio_companion')
E    +    where &lt;built-in method get of dict object at 0x7ba2b8cdef40&gt; = {'course': {'audience': 'adult', 'audio_companion': '/assets/audio/courses/the-architecture-of-breath.mp3', 'audio_title': 'The architecture of breath', 'blurb': 'A companion course to The Body Room — slow daily attention to where emotions live, and how they leave.', ...}, 'enrolled': False, 'letters': [{'body': 'Before anything else, scan slowly from head to feet. Where is the body holding tonight? Do not fix it. Just notice.', 'day': 1, 'is_preview': True, 'prompt': 'Where in the body did I find the most quiet weight?', ...}, {'body': None, 'day': 2, 'is_preview': False, 'prompt': None, ...}, {'body': None, 'day': 3, 'is_preview': False, 'prompt': None, ...}, {'body': None, 'day': 4, 'is_preview': False, 'prompt': None, ...}, {'body': None, 'day': 5, 'is_preview': False, 'prompt': None, ...}, {'body': None, 'day': 6, 'is_preview': False, 'prompt': None, ...}, ...], 'started_at': None}.get</failure></testcase><testcase classname="backend.tests.test_iteration28" name="test_architecture_of_breath_mp3_served" time="0.229" /><testcase classname="backend.tests.test_iteration28" name="test_clarity_health_ai_and_tts_still_enabled" time="0.170" /></testsuite></testsuites>