<?xml version="1.0" encoding="utf-8"?><testsuites name="pytest tests"><testsuite name="pytest" errors="0" failures="0" skipped="8" tests="17" time="5.157" timestamp="2026-06-26T18:29:56.193747+00:00" hostname="agent-env-e8fbb50e-1838-4619-b626-b43b6b6aabab"><testcase classname="backend.tests.test_iteration_gdpr_polar_iter91.TestPolarCheckout" name="test_checkout_session_requires_auth" time="0.695" /><testcase classname="backend.tests.test_iteration_gdpr_polar_iter91.TestPolarCheckout" name="test_checkout_session_missing_sku" time="0.423" /><testcase classname="backend.tests.test_iteration_gdpr_polar_iter91.TestPolarCheckout" name="test_checkout_session_returns_polar_url[access.day.pass]" time="0.208"><skipped type="pytest.skip" message="Polar API unreachable: &lt;!DOCTYPE html&gt;&#10;&lt;!--[if lt IE 7]&gt; &lt;html class=&quot;no-js ie6 oldie&quot; lang=&quot;en-US&quot;&gt; &lt;![endif]--&gt;&#10;&lt;!--[if IE 7]&gt;    &lt;html class=&quot;no-js ie7 oldie&quot; lang=&quot;en-US&quot;&gt; &lt;![endif]--&gt;&#10;&lt;!--[if IE 8]&gt;    &lt;html class=&quot;no-">/app/backend/tests/test_iteration_gdpr_polar_iter91.py:80: Polar API unreachable: &lt;!DOCTYPE html&gt;
&lt;!--[if lt IE 7]&gt; &lt;html class="no-js ie6 oldie" lang="en-US"&gt; &lt;![endif]--&gt;
&lt;!--[if IE 7]&gt;    &lt;html class="no-js ie7 oldie" lang="en-US"&gt; &lt;![endif]--&gt;
&lt;!--[if IE 8]&gt;    &lt;html class="no-</skipped></testcase><testcase classname="backend.tests.test_iteration_gdpr_polar_iter91.TestPolarCheckout" name="test_checkout_session_returns_polar_url[journey.month]" time="0.157"><skipped type="pytest.skip" message="Polar API unreachable: &lt;!DOCTYPE html&gt;&#10;&lt;!--[if lt IE 7]&gt; &lt;html class=&quot;no-js ie6 oldie&quot; lang=&quot;en-US&quot;&gt; &lt;![endif]--&gt;&#10;&lt;!--[if IE 7]&gt;    &lt;html class=&quot;no-js ie7 oldie&quot; lang=&quot;en-US&quot;&gt; &lt;![endif]--&gt;&#10;&lt;!--[if IE 8]&gt;    &lt;html class=&quot;no-">/app/backend/tests/test_iteration_gdpr_polar_iter91.py:80: Polar API unreachable: &lt;!DOCTYPE html&gt;
&lt;!--[if lt IE 7]&gt; &lt;html class="no-js ie6 oldie" lang="en-US"&gt; &lt;![endif]--&gt;
&lt;!--[if IE 7]&gt;    &lt;html class="no-js ie7 oldie" lang="en-US"&gt; &lt;![endif]--&gt;
&lt;!--[if IE 8]&gt;    &lt;html class="no-</skipped></testcase><testcase classname="backend.tests.test_iteration_gdpr_polar_iter91.TestPolarCheckout" name="test_checkout_session_returns_polar_url[companion.month]" time="0.176"><skipped type="pytest.skip" message="Polar API unreachable: &lt;!DOCTYPE html&gt;&#10;&lt;!--[if lt IE 7]&gt; &lt;html class=&quot;no-js ie6 oldie&quot; lang=&quot;en-US&quot;&gt; &lt;![endif]--&gt;&#10;&lt;!--[if IE 7]&gt;    &lt;html class=&quot;no-js ie7 oldie&quot; lang=&quot;en-US&quot;&gt; &lt;![endif]--&gt;&#10;&lt;!--[if IE 8]&gt;    &lt;html class=&quot;no-">/app/backend/tests/test_iteration_gdpr_polar_iter91.py:80: Polar API unreachable: &lt;!DOCTYPE html&gt;
&lt;!--[if lt IE 7]&gt; &lt;html class="no-js ie6 oldie" lang="en-US"&gt; &lt;![endif]--&gt;
&lt;!--[if IE 7]&gt;    &lt;html class="no-js ie7 oldie" lang="en-US"&gt; &lt;![endif]--&gt;
&lt;!--[if IE 8]&gt;    &lt;html class="no-</skipped></testcase><testcase classname="backend.tests.test_iteration_gdpr_polar_iter91.TestPolarCheckout" name="test_checkout_session_returns_polar_url[lantern.month]" time="0.147"><skipped type="pytest.skip" message="Polar API unreachable: &lt;!DOCTYPE html&gt;&#10;&lt;!--[if lt IE 7]&gt; &lt;html class=&quot;no-js ie6 oldie&quot; lang=&quot;en-US&quot;&gt; &lt;![endif]--&gt;&#10;&lt;!--[if IE 7]&gt;    &lt;html class=&quot;no-js ie7 oldie&quot; lang=&quot;en-US&quot;&gt; &lt;![endif]--&gt;&#10;&lt;!--[if IE 8]&gt;    &lt;html class=&quot;no-">/app/backend/tests/test_iteration_gdpr_polar_iter91.py:80: Polar API unreachable: &lt;!DOCTYPE html&gt;
&lt;!--[if lt IE 7]&gt; &lt;html class="no-js ie6 oldie" lang="en-US"&gt; &lt;![endif]--&gt;
&lt;!--[if IE 7]&gt;    &lt;html class="no-js ie7 oldie" lang="en-US"&gt; &lt;![endif]--&gt;
&lt;!--[if IE 8]&gt;    &lt;html class="no-</skipped></testcase><testcase classname="backend.tests.test_iteration_gdpr_polar_iter91.TestPolarCheckout" name="test_checkout_session_returns_polar_url[voice.return.30]" time="0.181"><skipped type="pytest.skip" message="Polar API unreachable: &lt;!DOCTYPE html&gt;&#10;&lt;!--[if lt IE 7]&gt; &lt;html class=&quot;no-js ie6 oldie&quot; lang=&quot;en-US&quot;&gt; &lt;![endif]--&gt;&#10;&lt;!--[if IE 7]&gt;    &lt;html class=&quot;no-js ie7 oldie&quot; lang=&quot;en-US&quot;&gt; &lt;![endif]--&gt;&#10;&lt;!--[if IE 8]&gt;    &lt;html class=&quot;no-">/app/backend/tests/test_iteration_gdpr_polar_iter91.py:80: Polar API unreachable: &lt;!DOCTYPE html&gt;
&lt;!--[if lt IE 7]&gt; &lt;html class="no-js ie6 oldie" lang="en-US"&gt; &lt;![endif]--&gt;
&lt;!--[if IE 7]&gt;    &lt;html class="no-js ie7 oldie" lang="en-US"&gt; &lt;![endif]--&gt;
&lt;!--[if IE 8]&gt;    &lt;html class="no-</skipped></testcase><testcase classname="backend.tests.test_iteration_gdpr_polar_iter91.TestPolarCheckout" name="test_checkout_session_returns_polar_url[voice.full.90]" time="0.165"><skipped type="pytest.skip" message="Polar API unreachable: &lt;!DOCTYPE html&gt;&#10;&lt;!--[if lt IE 7]&gt; &lt;html class=&quot;no-js ie6 oldie&quot; lang=&quot;en-US&quot;&gt; &lt;![endif]--&gt;&#10;&lt;!--[if IE 7]&gt;    &lt;html class=&quot;no-js ie7 oldie&quot; lang=&quot;en-US&quot;&gt; &lt;![endif]--&gt;&#10;&lt;!--[if IE 8]&gt;    &lt;html class=&quot;no-">/app/backend/tests/test_iteration_gdpr_polar_iter91.py:80: Polar API unreachable: &lt;!DOCTYPE html&gt;
&lt;!--[if lt IE 7]&gt; &lt;html class="no-js ie6 oldie" lang="en-US"&gt; &lt;![endif]--&gt;
&lt;!--[if IE 7]&gt;    &lt;html class="no-js ie7 oldie" lang="en-US"&gt; &lt;![endif]--&gt;
&lt;!--[if IE 8]&gt;    &lt;html class="no-</skipped></testcase><testcase classname="backend.tests.test_iteration_gdpr_polar_iter91.TestPolarCheckout" name="test_checkout_session_returns_polar_url[voice.season.200]" time="0.332"><skipped type="pytest.skip" message="Polar API unreachable: &lt;!DOCTYPE html&gt;&#10;&lt;!--[if lt IE 7]&gt; &lt;html class=&quot;no-js ie6 oldie&quot; lang=&quot;en-US&quot;&gt; &lt;![endif]--&gt;&#10;&lt;!--[if IE 7]&gt;    &lt;html class=&quot;no-js ie7 oldie&quot; lang=&quot;en-US&quot;&gt; &lt;![endif]--&gt;&#10;&lt;!--[if IE 8]&gt;    &lt;html class=&quot;no-">/app/backend/tests/test_iteration_gdpr_polar_iter91.py:80: Polar API unreachable: &lt;!DOCTYPE html&gt;
&lt;!--[if lt IE 7]&gt; &lt;html class="no-js ie6 oldie" lang="en-US"&gt; &lt;![endif]--&gt;
&lt;!--[if IE 7]&gt;    &lt;html class="no-js ie7 oldie" lang="en-US"&gt; &lt;![endif]--&gt;
&lt;!--[if IE 8]&gt;    &lt;html class="no-</skipped></testcase><testcase classname="backend.tests.test_iteration_gdpr_polar_iter91.TestPolarCheckout" name="test_checkout_session_returns_polar_url[voice.habit.500]" time="0.160"><skipped type="pytest.skip" message="Polar API unreachable: &lt;!DOCTYPE html&gt;&#10;&lt;!--[if lt IE 7]&gt; &lt;html class=&quot;no-js ie6 oldie&quot; lang=&quot;en-US&quot;&gt; &lt;![endif]--&gt;&#10;&lt;!--[if IE 7]&gt;    &lt;html class=&quot;no-js ie7 oldie&quot; lang=&quot;en-US&quot;&gt; &lt;![endif]--&gt;&#10;&lt;!--[if IE 8]&gt;    &lt;html class=&quot;no-">/app/backend/tests/test_iteration_gdpr_polar_iter91.py:80: Polar API unreachable: &lt;!DOCTYPE html&gt;
&lt;!--[if lt IE 7]&gt; &lt;html class="no-js ie6 oldie" lang="en-US"&gt; &lt;![endif]--&gt;
&lt;!--[if IE 7]&gt;    &lt;html class="no-js ie7 oldie" lang="en-US"&gt; &lt;![endif]--&gt;
&lt;!--[if IE 8]&gt;    &lt;html class="no-</skipped></testcase><testcase classname="backend.tests.test_iteration_gdpr_polar_iter91.TestPolarWebhook" name="test_webhook_rejects_missing_signature" time="0.158" /><testcase classname="backend.tests.test_iteration_gdpr_polar_iter91.TestPolarWebhook" name="test_webhook_rejects_invalid_signature" time="0.148" /><testcase classname="backend.tests.test_iteration_gdpr_polar_iter91.TestDataExport" name="test_export_requires_auth" time="0.206" /><testcase classname="backend.tests.test_iteration_gdpr_polar_iter91.TestDataExport" name="test_export_returns_attachment_with_user_data" time="0.222" /><testcase classname="backend.tests.test_iteration_gdpr_polar_iter91.TestAccountDelete" name="test_delete_requires_auth" time="0.138" /><testcase classname="backend.tests.test_iteration_gdpr_polar_iter91.TestAccountDelete" name="test_delete_wrong_confirm_returns_400" time="0.332" /><testcase classname="backend.tests.test_iteration_gdpr_polar_iter91.TestAccountDelete" name="test_delete_with_valid_confirm_deletes_and_invalidates" time="1.043" /></testsuite></testsuites>