<?xml version="1.0" encoding="utf-8"?><testsuites name="pytest tests"><testsuite name="pytest" errors="0" failures="0" skipped="0" tests="16" time="19.632" timestamp="2026-05-25T21:16:06.456392+00:00" hostname="agent-env-e8fbb50e-1838-4619-b626-b43b6b6aabab"><testcase classname="backend.tests.test_iteration_81.TestAlistair" name="test_modes_public_3" time="6.669" /><testcase classname="backend.tests.test_iteration_81.TestAlistair" name="test_get_mode_unauth" time="0.214" /><testcase classname="backend.tests.test_iteration_81.TestAlistair" name="test_set_get_clear_mode" time="0.792" /><testcase classname="backend.tests.test_iteration_81.TestAlistair" name="test_unknown_mode_rejected" time="0.249" /><testcase classname="backend.tests.test_iteration_81.TestVoiceMood" name="test_extract_positive_text" time="3.057" /><testcase classname="backend.tests.test_iteration_81.TestVoiceMood" name="test_extract_empty_text_no_signal" time="0.225" /><testcase classname="backend.tests.test_iteration_81.TestVoiceMood" name="test_extract_too_short_text_no_signal" time="0.220" /><testcase classname="backend.tests.test_iteration_81.TestVoiceMood" name="test_recent_signals" time="1.230" /><testcase classname="backend.tests.test_iteration_81.TestVoiceMood" name="test_recent_sorted_desc" time="3.859" /><testcase classname="backend.tests.test_iteration_81.TestVoiceMood" name="test_auth_required" time="0.750" /><testcase classname="backend.tests.test_iteration_81.TestRegression" name="test_body_temple_overview" time="0.281" /><testcase classname="backend.tests.test_iteration_81.TestRegression" name="test_body_temple_day_1" time="0.331" /><testcase classname="backend.tests.test_iteration_81.TestRegression" name="test_body_temple_complete_auth" time="0.329" /><testcase classname="backend.tests.test_iteration_81.TestRegression" name="test_grace_modes" time="0.262" /><testcase classname="backend.tests.test_iteration_81.TestRegression" name="test_kids_curriculum" time="0.264" /><testcase classname="backend.tests.test_iteration_81.TestRegression" name="test_annas_letter_prefs" time="0.242" /></testsuite></testsuites>