<?xml version="1.0" encoding="utf-8"?><testsuites name="pytest tests"><testsuite name="pytest" errors="0" failures="1" skipped="0" tests="33" time="13.240" timestamp="2026-04-28T15:54:35.746536+00:00" hostname="agent-env-e8fbb50e-1838-4619-b626-b43b6b6aabab"><testcase classname="backend.tests.test_iteration17" name="test_step_view_requires_auth" time="0.434" /><testcase classname="backend.tests.test_iteration17" name="test_step_view_404_when_n_out_of_range" time="0.472" /><testcase classname="backend.tests.test_iteration17" name="test_step_view_403_when_step_not_completed" time="0.212" /><testcase classname="backend.tests.test_iteration17" name="test_step_view_200_when_completed" time="0.205"><failure message="assert ('step' in {'is_last': False, 'n': 1, 'reflection': {'n': 1, 'saved_at': '2026-04-28T15:54:37.634522+00:00', 'text': 'TEST_reflect_step1'}, 'step': {'guidance': &quot;Take the day as it is.\n\nWatch small moments:\n\n- how you respond\n- how quickly something happens\n- what feels automatic\n\nYou don't need to stop anything.\n\nJust notice.&quot;, 'intro': 'You might notice more than usual today.\nNot because something changed — but because you are looking.', 'n': 1, 'prompt': 'Take a moment before continuing.\nWrite a few words about one moment that stood out. Even something small.'}, ...} and None)&#10; +  where None = &lt;built-in method get of dict object at 0x7e7516cd9840&gt;('title')&#10; +    where &lt;built-in method get of dict object at 0x7e7516cd9840&gt; = {'guidance': &quot;Take the day as it is.\n\nWatch small moments:\n\n- how you respond\n- how quickly something happens\n- what feels automatic\n\nYou don't need to stop anything.\n\nJust notice.&quot;, 'intro': 'You might notice more than usual today.\nNot because something changed — but because you are looking.', 'n': 1, 'prompt': 'Take a moment before continuing.\nWrite a few words about one moment that stood out. Even something small.'}.get">backend/tests/test_iteration17.py:122: in test_step_view_200_when_completed
    assert "step" in d and d["step"].get("title")
E   assert ('step' in {'is_last': False, 'n': 1, 'reflection': {'n': 1, 'saved_at': '2026-04-28T15:54:37.634522+00:00', 'text': 'TEST_reflect_step1'}, 'step': {'guidance': "Take the day as it is.\n\nWatch small moments:\n\n- how you respond\n- how quickly something happens\n- what feels automatic\n\nYou don't need to stop anything.\n\nJust notice.", 'intro': 'You might notice more than usual today.\nNot because something changed — but because you are looking.', 'n': 1, 'prompt': 'Take a moment before continuing.\nWrite a few words about one moment that stood out. Even something small.'}, ...} and None)
E    +  where None = &lt;built-in method get of dict object at 0x7e7516cd9840&gt;('title')
E    +    where &lt;built-in method get of dict object at 0x7e7516cd9840&gt; = {'guidance': "Take the day as it is.\n\nWatch small moments:\n\n- how you respond\n- how quickly something happens\n- what feels automatic\n\nYou don't need to stop anything.\n\nJust notice.", 'intro': 'You might notice more than usual today.\nNot because something changed — but because you are looking.', 'n': 1, 'prompt': 'Take a moment before continuing.\nWrite a few words about one moment that stood out. Even something small.'}.get</failure></testcase><testcase classname="backend.tests.test_iteration17" name="test_cabinet_library_requires_auth" time="0.317" /><testcase classname="backend.tests.test_iteration17" name="test_cabinet_library_empty_for_fresh_user" time="0.304" /><testcase classname="backend.tests.test_iteration17" name="test_cabinet_library_returns_purchased_book" time="0.308" /><testcase classname="backend.tests.test_iteration11.TestCabinetAuthGate" name="test_me_unauth_401" time="0.255" /><testcase classname="backend.tests.test_iteration11.TestCabinetAuthGate" name="test_start_unauth_401" time="0.227" /><testcase classname="backend.tests.test_iteration11.TestCabinetAuthGate" name="test_message_unauth_401" time="0.260" /><testcase classname="backend.tests.test_iteration11.TestCabinetAuthGate" name="test_clear_unauth_401" time="0.263" /><testcase classname="backend.tests.test_iteration11.TestCabinetFlow" name="test_me_initial" time="0.273" /><testcase classname="backend.tests.test_iteration11.TestCabinetFlow" name="test_start_returns_session_id" time="0.205" /><testcase classname="backend.tests.test_iteration11.TestCabinetFlow" name="test_message_normal_then_continuation_after_3" time="1.019" /><testcase classname="backend.tests.test_iteration11.TestCabinetFlow" name="test_message_crisis_keyword" time="0.419" /><testcase classname="backend.tests.test_iteration11.TestCabinetFlow" name="test_message_empty_400" time="0.408" /><testcase classname="backend.tests.test_iteration11.TestCabinetFlow" name="test_message_keep_thread_returns_thread_key" time="0.380" /><testcase classname="backend.tests.test_iteration11.TestCabinetFlow" name="test_clear_closes_session" time="0.848" /><testcase classname="backend.tests.test_iteration11.TestBooksRegression" name="test_books_list_has_seven_with_new_free_book" time="0.187" /><testcase classname="backend.tests.test_iteration11.TestBooksRegression" name="test_pdf_static_asset_200" time="0.177" /><testcase classname="backend.tests.test_iteration11.TestUntouchedRegression" name="test_blog_list" time="0.175" /><testcase classname="backend.tests.test_iteration11.TestUntouchedRegression" name="test_content_brand" time="0.202" /><testcase classname="backend.tests.test_iteration11.TestUntouchedRegression" name="test_experience_me_401" time="0.188" /><testcase classname="backend.tests.test_iteration14" name="test_start_seeds_greeting" time="0.387" /><testcase classname="backend.tests.test_iteration14" name="test_continuation_after_3_user_messages" time="0.786" /><testcase classname="backend.tests.test_iteration14" name="test_first_message_routes_correctly[i miss my ex so much, i can't let go-relationship_attachment]" time="0.365" /><testcase classname="backend.tests.test_iteration14" name="test_first_message_routes_correctly[i'm so afraid all the time, panic comes from nowhere-fear_anxiety]" time="0.368" /><testcase classname="backend.tests.test_iteration14" name="test_first_message_routes_correctly[i hate myself, this is all my fault, i feel worthless-self_worth]" time="0.400" /><testcase classname="backend.tests.test_iteration14" name="test_first_message_routes_correctly[i don't know who i am anymore, i lost myself-confusion_identity]" time="0.432" /><testcase classname="backend.tests.test_iteration14" name="test_first_message_routes_correctly[everything feels heavy, i'm exhausted and numb-emotion_release]" time="0.382" /><testcase classname="backend.tests.test_iteration14" name="test_first_message_routes_correctly[hello, i wanted to try this-default]" time="0.401" /><testcase classname="backend.tests.test_iteration14" name="test_path_locks_on_first_message" time="0.701" /><testcase classname="backend.tests.test_iteration14" name="test_crisis_overrides_routing" time="0.379" /></testsuite></testsuites>