<?xml version="1.0" encoding="utf-8"?><testsuites name="pytest tests"><testsuite name="pytest" errors="0" failures="0" skipped="0" tests="5" time="18.306" timestamp="2026-06-22T08:58:31.661591+00:00" hostname="agent-env-e8fbb50e-1838-4619-b626-b43b6b6aabab"><testcase classname="backend.tests.test_iter86_wider_circle_lenses.TestParentsRoomLensesVisibility" name="test_lenses_endpoint_200_and_only_visible" time="10.480" /><testcase classname="backend.tests.test_iter86_wider_circle_lenses.TestParentsRoomLensesVisibility" name="test_visible_lens_situations_present" time="0.289" /><testcase classname="backend.tests.test_iter86_wider_circle_lenses.TestHiddenLensesInternal" name="test_hidden_lenses_exist_in_registry" time="0.005" /><testcase classname="backend.tests.test_iter86_wider_circle_lenses.TestHiddenLensesInternal" name="test_list_lenses_filters_hidden" time="0.001" /><testcase classname="backend.tests.test_iter86_wider_circle_lenses.TestHiddenLensChatSmoke" name="test_chat_accepts_hidden_lens_id" time="6.521" /></testsuite></testsuites>