<?xml version="1.0" encoding="utf-8"?><testsuites name="pytest tests"><testsuite name="pytest" errors="0" failures="0" skipped="0" tests="18" time="4.132" timestamp="2026-05-27T17:38:27.484785+00:00" hostname="agent-env-e8fbb50e-1838-4619-b626-b43b6b6aabab"><testcase classname="backend.tests.test_kids_journey_phase24" name="test_progress_discovery_anonymous" time="0.369" /><testcase classname="backend.tests.test_kids_journey_phase24" name="test_progress_exploration_anonymous" time="0.157" /><testcase classname="backend.tests.test_kids_journey_phase24" name="test_progress_invalid_zone_returns_400" time="0.158" /><testcase classname="backend.tests.test_kids_journey_phase24" name="test_unlock_stone_no_auth_returns_401" time="0.165" /><testcase classname="backend.tests.test_kids_journey_phase24" name="test_unlock_stone_with_premium_user" time="0.189" /><testcase classname="backend.tests.test_kids_journey_phase24" name="test_unlock_same_stone_twice_returns_already_unlocked" time="0.345" /><testcase classname="backend.tests.test_kids_journey_phase24" name="test_star_commit_with_promise" time="0.178" /><testcase classname="backend.tests.test_kids_journey_phase24" name="test_star_commitments_list_contains_it" time="0.194" /><testcase classname="backend.tests.test_kids_journey_phase24" name="test_star_commit_twice_returns_already_committed" time="0.175" /><testcase classname="backend.tests.test_kids_journey_phase24" name="test_star_fulfill_marks_done_and_signals_next_star" time="0.208" /><testcase classname="backend.tests.test_kids_journey_phase24" name="test_album_upload_without_affirmation_returns_400" time="0.213" /><testcase classname="backend.tests.test_kids_journey_phase24" name="test_album_upload_with_affirmation_succeeds" time="0.181" /><testcase classname="backend.tests.test_kids_journey_phase24" name="test_album_list_includes_photo_with_payload" time="0.185" /><testcase classname="backend.tests.test_kids_journey_phase24" name="test_album_delete_removes_photo" time="0.187" /><testcase classname="backend.tests.test_kids_journey_phase24" name="test_emotion_checkin_quiet" time="0.179" /><testcase classname="backend.tests.test_kids_journey_phase24" name="test_cron_reminders_with_admin_token" time="0.178" /><testcase classname="backend.tests.test_kids_journey_phase24" name="test_cron_reminders_without_token_forbidden" time="0.189" /><testcase classname="backend.tests.test_kids_journey_phase24" name="test_admin_letter_of_admission_send" time="0.451" /></testsuite></testsuites>