<?xml version="1.0" encoding="utf-8"?><testsuites name="pytest tests"><testsuite name="pytest" errors="0" failures="0" skipped="0" tests="16" time="4.947" timestamp="2026-04-27T11:21:36.905081+00:00" hostname="agent-env-e8fbb50e-1838-4619-b626-b43b6b6aabab"><testcase classname="backend.tests.test_iteration11.TestCabinetAuthGate" name="test_me_unauth_401" time="0.288" /><testcase classname="backend.tests.test_iteration11.TestCabinetAuthGate" name="test_start_unauth_401" time="0.210" /><testcase classname="backend.tests.test_iteration11.TestCabinetAuthGate" name="test_message_unauth_401" time="0.157" /><testcase classname="backend.tests.test_iteration11.TestCabinetAuthGate" name="test_clear_unauth_401" time="0.199" /><testcase classname="backend.tests.test_iteration11.TestCabinetFlow" name="test_me_initial" time="0.229" /><testcase classname="backend.tests.test_iteration11.TestCabinetFlow" name="test_start_returns_session_id" time="0.158" /><testcase classname="backend.tests.test_iteration11.TestCabinetFlow" name="test_message_normal_then_continuation_after_3" time="0.789" /><testcase classname="backend.tests.test_iteration11.TestCabinetFlow" name="test_message_crisis_keyword" time="0.310" /><testcase classname="backend.tests.test_iteration11.TestCabinetFlow" name="test_message_empty_400" time="0.424" /><testcase classname="backend.tests.test_iteration11.TestCabinetFlow" name="test_message_keep_thread_returns_thread_key" time="0.327" /><testcase classname="backend.tests.test_iteration11.TestCabinetFlow" name="test_clear_closes_session" time="0.651" /><testcase classname="backend.tests.test_iteration11.TestBooksRegression" name="test_books_list_has_seven_with_new_free_book" time="0.151" /><testcase classname="backend.tests.test_iteration11.TestBooksRegression" name="test_pdf_static_asset_200" time="0.146" /><testcase classname="backend.tests.test_iteration11.TestUntouchedRegression" name="test_blog_list" time="0.147" /><testcase classname="backend.tests.test_iteration11.TestUntouchedRegression" name="test_content_brand" time="0.140" /><testcase classname="backend.tests.test_iteration11.TestUntouchedRegression" name="test_experience_me_401" time="0.172" /></testsuite></testsuites>