<?xml version="1.0" encoding="utf-8"?><testsuites name="pytest tests"><testsuite name="pytest" errors="0" failures="0" skipped="0" tests="21" time="16.602" timestamp="2026-05-25T18:07:08.141231+00:00" hostname="agent-env-e8fbb50e-1838-4619-b626-b43b6b6aabab"><testcase classname="backend.tests.test_iteration_77.TestReferral" name="test_me_unauth_returns_401" time="7.082" /><testcase classname="backend.tests.test_iteration_77.TestReferral" name="test_me_returns_code_and_shape" time="0.494" /><testcase classname="backend.tests.test_iteration_77.TestReferral" name="test_code_is_stable" time="0.702" /><testcase classname="backend.tests.test_iteration_77.TestReferral" name="test_self_referral_400" time="0.297" /><testcase classname="backend.tests.test_iteration_77.TestReferral" name="test_unknown_code_404" time="0.306" /><testcase classname="backend.tests.test_iteration_77.TestReferral" name="test_invalid_code_format_400" time="0.286" /><testcase classname="backend.tests.test_iteration_77.TestReferral" name="test_claim_pending_then_idempotent" time="0.672" /><testcase classname="backend.tests.test_iteration_77.TestReferral" name="test_lifecycle_first_mood_triggers_reward" time="0.353" /><testcase classname="backend.tests.test_iteration_77.TestReferral" name="test_second_mood_does_not_double_reward" time="0.384" /><testcase classname="backend.tests.test_iteration_77.TestTopup" name="test_ladder_shape" time="0.281" /><testcase classname="backend.tests.test_iteration_77.TestTopup" name="test_nearest_50_snaps_to_45_or_60" time="0.225" /><testcase classname="backend.tests.test_iteration_77.TestTopup" name="test_nearest_clamp_low" time="0.340" /><testcase classname="backend.tests.test_iteration_77.TestTopup" name="test_nearest_clamp_high" time="0.321" /><testcase classname="backend.tests.test_iteration_77.TestAnnasLetter" name="test_no_admin_token_401" time="0.290" /><testcase classname="backend.tests.test_iteration_77.TestAnnasLetter" name="test_wrong_admin_token_401" time="0.297" /><testcase classname="backend.tests.test_iteration_77.TestAnnasLetter" name="test_dry_run_no_activity_user" time="0.402" /><testcase classname="backend.tests.test_iteration_77.TestAnnasLetter" name="test_dry_run_with_activity" time="0.307" /><testcase classname="backend.tests.test_iteration_77.TestAnnasLetter" name="test_full_dispatch_loop" time="0.996" /><testcase classname="backend.tests.test_iteration_77.TestAnnasLetter" name="test_full_dispatch_idempotent" time="0.362" /><testcase classname="backend.tests.test_iteration_77.TestRegression" name="test_kids_curriculum_list" time="0.799" /><testcase classname="backend.tests.test_iteration_77.TestRegression" name="test_angel_stars_root" time="0.420" /></testsuite></testsuites>