<?xml version="1.0" encoding="utf-8"?><testsuites name="pytest tests"><testsuite name="pytest" errors="0" failures="20" skipped="0" tests="223" time="165.072" timestamp="2026-05-01T11:34:09.550886+00:00" hostname="agent-env-e8fbb50e-1838-4619-b626-b43b6b6aabab"><testcase classname="backend.tests.test_content_api" name="test_health" time="0.265" /><testcase classname="backend.tests.test_content_api" name="test_categories_seeded" time="0.072" /><testcase classname="backend.tests.test_content_api" name="test_library_entries" time="0.074" /><testcase classname="backend.tests.test_content_api" name="test_learning_entries" time="0.060" /><testcase classname="backend.tests.test_content_api" name="test_entry_detail" time="0.061"><failure message="AssertionError: assert 'Morning Orientation' == 'Morning Orientation Protocol'&#10;  &#10;  - Morning Orientation Protocol&#10;  ?                    ---------&#10;  + Morning Orientation">E   AssertionError: assert 'Morning Orientation' == 'Morning Orientation Protocol'
      
      - Morning Orientation Protocol
      ?                    ---------
      + Morning Orientation</failure></testcase><testcase classname="backend.tests.test_content_api" name="test_entry_not_found" time="0.055" /><testcase classname="backend.tests.test_content_api" name="test_filter_category" time="0.175" /><testcase classname="backend.tests.test_content_api" name="test_filter_access_free" time="0.110" /><testcase classname="backend.tests.test_content_api" name="test_search_q" time="0.057" /><testcase classname="backend.tests.test_content_api" name="test_create_category_and_duplicate" time="0.222" /><testcase classname="backend.tests.test_content_api" name="test_create_entry_parses_markdown" time="0.248" /><testcase classname="backend.tests.test_content_api" name="test_github_sync_stub" time="0.217"><failure message="AssertionError: assert 'not_configured' == 'not_connected'&#10;  &#10;  - not_connected&#10;  + not_configured">E   AssertionError: assert 'not_configured' == 'not_connected'
      
      - not_connected
      + not_configured</failure></testcase><testcase classname="backend.tests.test_content_api" name="test_ai_context" time="0.055" /><testcase classname="backend.tests.test_content_api" name="test_ai_chat_stub" time="0.048" /><testcase classname="backend.tests.test_iter3_auth_sync_reach.TestAuth" name="test_auth_me_unauth_returns_401" time="0.122" /><testcase classname="backend.tests.test_iter3_auth_sync_reach.TestAuth" name="test_auth_me_bad_bearer_returns_401" time="0.197" /><testcase classname="backend.tests.test_iter3_auth_sync_reach.TestAuth" name="test_auth_session_invalid_id_returns_401" time="0.257" /><testcase classname="backend.tests.test_iter3_auth_sync_reach.TestGithubSync" name="test_sync_no_repo_returns_not_configured" time="0.050" /><testcase classname="backend.tests.test_iter3_auth_sync_reach.TestGithubSync" name="test_sync_with_owner_repo_placeholder_is_not_configured" time="0.045" /><testcase classname="backend.tests.test_iter3_auth_sync_reach.TestGithubSync" name="test_sync_with_nonexistent_repo_returns_error_gracefully" time="0.277" /><testcase classname="backend.tests.test_iter3_auth_sync_reach.TestReachOut" name="test_reach_out_valid_payload" time="0.060" /><testcase classname="backend.tests.test_iter3_auth_sync_reach.TestReachOut" name="test_reach_out_missing_required_field" time="0.052" /><testcase classname="backend.tests.test_iter3_auth_sync_reach.TestBrandLegalSurfaces" name="test_brand_surface_returns_200" time="0.080" /><testcase classname="backend.tests.test_iter3_auth_sync_reach.TestBrandLegalSurfaces" name="test_legal_surface_returns_200" time="0.058" /><testcase classname="backend.tests.test_iter3_auth_sync_reach.TestRegression" name="test_health" time="0.046" /><testcase classname="backend.tests.test_iter3_auth_sync_reach.TestRegression" name="test_library_surface" time="0.057" /><testcase classname="backend.tests.test_iter3_auth_sync_reach.TestRegression" name="test_books_endpoint" time="0.057" /><testcase classname="backend.tests.test_iter3_auth_sync_reach.TestRegression" name="test_admin_entries" time="0.050" /><testcase classname="backend.tests.test_iter3_auth_sync_reach.TestRegression" name="test_validate_endpoint" time="0.049" /><testcase classname="backend.tests.test_iter4_books_legal.TestBooks" name="test_books_returns_4" time="0.135"><failure message="AssertionError: Missing: {'genesis-protocols-volume-ii-book', 'genesis-protocols-volume-i-book', 'star-whispers-childrens-book', 'meditation-pack-volume-i'}, all: {'angels-story', 'beyond-the-matrix-ii', 'the-night-angels-embrace', 'test-book-cae68c1f', 'engels-friends-2', 'the-language-of-angels', 'angels-tales', 'you-dont-have-to-dance-to-anothers-tune', 'beyond-the-matrix-i'}&#10;assert False&#10; +  where False = &lt;built-in method issubset of set object at 0x7f076667edc0&gt;({'angels-story', 'angels-tales', 'beyond-the-matrix-i', 'beyond-the-matrix-ii', 'engels-friends-2', 'test-book-cae68c1f', ...})&#10; +    where &lt;built-in method issubset of set object at 0x7f076667edc0&gt; = {'genesis-protocols-volume-i-book', 'genesis-protocols-volume-ii-book', 'meditation-pack-volume-i', 'star-whispers-childrens-book'}.issubset">E   AssertionError: Missing: {'genesis-protocols-volume-ii-book', 'genesis-protocols-volume-i-book', 'star-whispers-childrens-book', 'meditation-pack-volume-i'}, all: {'angels-story', 'beyond-the-matrix-ii', 'the-night-angels-embrace', 'test-book-cae68c1f', 'engels-friends-2', 'the-language-of-angels', 'angels-tales', 'you-dont-have-to-dance-to-anothers-tune', 'beyond-the-matrix-i'}
    assert False
     +  where False = &lt;built-in method issubset of set object at 0x7f076667edc0&gt;({'angels-story', 'angels-tales', 'beyond-the-matrix-i', 'beyond-the-matrix-ii', 'engels-friends-2', 'test-book-cae68c1f', ...})
     +    where &lt;built-in method issubset of set object at 0x7f076667edc0&gt; = {'genesis-protocols-volume-i-book', 'genesis-protocols-volume-ii-book', 'meditation-pack-volume-i', 'star-whispers-childrens-book'}.issubset</failure></testcase><testcase classname="backend.tests.test_iter4_books_legal.TestBooks" name="test_pricing_and_placeholders" time="0.145"><failure message="AssertionError: missing genesis-protocols-volume-i-book&#10;assert None is not None">E   AssertionError: missing genesis-protocols-volume-i-book
    assert None is not None</failure></testcase><testcase classname="backend.tests.test_iter4_books_legal.TestBooks" name="test_audience_kids_filter" time="0.147"><failure message="AssertionError: assert 4 == 1&#10; +  where 4 = len([{'audience': 'kids', 'author': 'prulesoul', 'cover_image_url': None, 'created_at': '2026-04-29T12:30:30.953248Z', ......{'audience': 'kids', 'author': 'prulesoul', 'cover_image_url': None, 'created_at': '2026-04-25T16:37:45.495540Z', ...}])">E   AssertionError: assert 4 == 1
     +  where 4 = len([{'audience': 'kids', 'author': 'prulesoul', 'cover_image_url': None, 'created_at': '2026-04-29T12:30:30.953248Z', ......{'audience': 'kids', 'author': 'prulesoul', 'cover_image_url': None, 'created_at': '2026-04-25T16:37:45.495540Z', ...}])</failure></testcase><testcase classname="backend.tests.test_iter4_books_legal.TestBooks" name="test_audience_adult_filter" time="0.125"><failure message="AssertionError: adult slugs: {'test-book-cae68c1f', 'the-language-of-angels', 'beyond-the-matrix-i', 'you-dont-have-to-dance-to-anothers-tune', 'beyond-the-matrix-ii'}&#10;assert {'beyond-the-...nothers-tune'} == {'genesis-pro...ack-volume-i'}&#10;  &#10;  Extra items in the left set:&#10;  'test-book-cae68c1f'&#10;  'the-language-of-angels'&#10;  'beyond-the-matrix-i'&#10;  'you-dont-have-to-dance-to-anothers-tune'&#10;  'beyond-the-matrix-ii'...&#10;  &#10;  ...Full output truncated (5 lines hidden), use '-vv' to show">E   AssertionError: adult slugs: {'test-book-cae68c1f', 'the-language-of-angels', 'beyond-the-matrix-i', 'you-dont-have-to-dance-to-anothers-tune', 'beyond-the-matrix-ii'}
    assert {'beyond-the-...nothers-tune'} == {'genesis-pro...ack-volume-i'}
      
      Extra items in the left set:
      'test-book-cae68c1f'
      'the-language-of-angels'
      'beyond-the-matrix-i'
      'you-dont-have-to-dance-to-anothers-tune'
      'beyond-the-matrix-ii'...
      
      ...Full output truncated (5 lines hidden), use '-vv' to show</failure></testcase><testcase classname="backend.tests.test_iter4_books_legal.TestLegal" name="test_legal_entries_4" time="0.141" /><testcase classname="backend.tests.test_iter4_books_legal.TestLegal" name="test_terms_h2_sections" time="0.231" /><testcase classname="backend.tests.test_iter4_books_legal.TestRegression" name="test_health" time="0.211" /><testcase classname="backend.tests.test_iter4_books_legal.TestRegression" name="test_auth_me_unauth" time="0.165" /><testcase classname="backend.tests.test_iter4_books_legal.TestRegression" name="test_github_sync_not_configured" time="0.154" /><testcase classname="backend.tests.test_iter4_books_legal.TestRegression" name="test_reach_out" time="0.145" /><testcase classname="backend.tests.test_iter4_books_legal.TestRegression" name="test_admin_validate" time="0.170" /><testcase classname="backend.tests.test_iter4_books_legal.TestRegression" name="test_library_audience_filter" time="0.274" /><testcase classname="backend.tests.test_iteration11.TestCabinetAuthGate" name="test_me_unauth_401" time="0.153" /><testcase classname="backend.tests.test_iteration11.TestCabinetAuthGate" name="test_start_unauth_401" time="0.187" /><testcase classname="backend.tests.test_iteration11.TestCabinetAuthGate" name="test_message_unauth_401" time="0.226" /><testcase classname="backend.tests.test_iteration11.TestCabinetAuthGate" name="test_clear_unauth_401" time="0.216" /><testcase classname="backend.tests.test_iteration11.TestCabinetFlow" name="test_me_initial" time="0.216" /><testcase classname="backend.tests.test_iteration11.TestCabinetFlow" name="test_start_returns_session_id" time="0.143" /><testcase classname="backend.tests.test_iteration11.TestCabinetFlow" name="test_message_normal_then_continuation_after_3" time="6.538" /><testcase classname="backend.tests.test_iteration11.TestCabinetFlow" name="test_message_crisis_keyword" time="0.270" /><testcase classname="backend.tests.test_iteration11.TestCabinetFlow" name="test_message_empty_400" time="0.256" /><testcase classname="backend.tests.test_iteration11.TestCabinetFlow" name="test_message_keep_thread_returns_thread_key" time="2.842" /><testcase classname="backend.tests.test_iteration11.TestCabinetFlow" name="test_clear_closes_session" time="30.234"><failure message="requests.exceptions.ConnectTimeout: HTTPSConnectionPool(host='aurin-hub.preview.emergentagent.com', port=443): Max retries exceeded with url: /api/cabinet/start (Caused by ConnectTimeoutError(&lt;HTTPSConnection(host='aurin-hub.preview.emergentagent.com', port=443) at 0x7f0764c2e290&gt;, 'Connection to aurin-hub.preview.emergentagent.com timed out. (connect timeout=15)'))">E   TimeoutError: timed out

The above exception was the direct cause of the following exception:
E   urllib3.exceptions.ConnectTimeoutError: (&lt;HTTPSConnection(host='aurin-hub.preview.emergentagent.com', port=443) at 0x7f0764c2e290&gt;, 'Connection to aurin-hub.preview.emergentagent.com timed out. (connect timeout=15)')

The above exception was the direct cause of the following exception:
E   urllib3.exceptions.MaxRetryError: HTTPSConnectionPool(host='aurin-hub.preview.emergentagent.com', port=443): Max retries exceeded with url: /api/cabinet/start (Caused by ConnectTimeoutError(&lt;HTTPSConnection(host='aurin-hub.preview.emergentagent.com', port=443) at 0x7f0764c2e290&gt;, 'Connection to aurin-hub.preview.emergentagent.com timed out. (connect timeout=15)'))

During handling of the above exception, another exception occurred:
E   requests.exceptions.ConnectTimeout: HTTPSConnectionPool(host='aurin-hub.preview.emergentagent.com', port=443): Max retries exceeded with url: /api/cabinet/start (Caused by ConnectTimeoutError(&lt;HTTPSConnection(host='aurin-hub.preview.emergentagent.com', port=443) at 0x7f0764c2e290&gt;, 'Connection to aurin-hub.preview.emergentagent.com timed out. (connect timeout=15)'))</failure></testcase><testcase classname="backend.tests.test_iteration11.TestBooksRegression" name="test_books_list_has_at_least_eight" time="5.783" /><testcase classname="backend.tests.test_iteration11.TestBooksRegression" name="test_gated_download_requires_auth" time="10.232" /><testcase classname="backend.tests.test_iteration11.TestUntouchedRegression" name="test_blog_list" time="0.192" /><testcase classname="backend.tests.test_iteration11.TestUntouchedRegression" name="test_content_brand" time="0.150" /><testcase classname="backend.tests.test_iteration11.TestUntouchedRegression" name="test_experience_me_401" time="0.129" /><testcase classname="backend.tests.test_iteration14" name="test_start_seeds_greeting" time="3.367" /><testcase classname="backend.tests.test_iteration14" name="test_continuation_after_3_user_messages" time="7.807" /><testcase classname="backend.tests.test_iteration14" name="test_first_message_routes_correctly[i miss my ex so much, i can't let go-relationship_attachment]" time="2.621" /><testcase classname="backend.tests.test_iteration14" name="test_first_message_routes_correctly[i'm so afraid all the time, panic comes from nowhere-fear_anxiety]" time="2.903" /><testcase classname="backend.tests.test_iteration14" name="test_first_message_routes_correctly[i hate myself, this is all my fault, i feel worthless-self_worth]" time="4.012" /><testcase classname="backend.tests.test_iteration14" name="test_first_message_routes_correctly[i don't know who i am anymore, i lost myself-confusion_identity]" time="2.889" /><testcase classname="backend.tests.test_iteration14" name="test_first_message_routes_correctly[everything feels heavy, i'm exhausted and numb-emotion_release]" time="2.342" /><testcase classname="backend.tests.test_iteration14" name="test_first_message_routes_correctly[hello, i wanted to try this-default]" time="1.352" /><testcase classname="backend.tests.test_iteration14" name="test_path_locks_on_first_message" time="5.430" /><testcase classname="backend.tests.test_iteration14" name="test_crisis_overrides_routing" time="0.305" /><testcase classname="backend.tests.test_iteration17" name="test_step_view_requires_auth" time="0.128" /><testcase classname="backend.tests.test_iteration17" name="test_step_view_404_when_n_out_of_range" time="0.340" /><testcase classname="backend.tests.test_iteration17" name="test_step_view_403_when_step_not_completed" time="0.165" /><testcase classname="backend.tests.test_iteration17" name="test_step_view_200_when_completed" time="0.324" /><testcase classname="backend.tests.test_iteration17" name="test_cabinet_library_requires_auth" time="0.135" /><testcase classname="backend.tests.test_iteration17" name="test_cabinet_library_empty_for_fresh_user" time="0.137" /><testcase classname="backend.tests.test_iteration17" name="test_cabinet_library_returns_purchased_book" time="0.153" /><testcase classname="backend.tests.test_iteration21" name="test_health" time="0.132" /><testcase classname="backend.tests.test_iteration21" name="test_forged_signature_rejected" time="0.122" /><testcase classname="backend.tests.test_iteration21" name="test_invalid_json_with_valid_sig" time="0.152" /><testcase classname="backend.tests.test_iteration21" name="test_missing_custom_data_ignored" time="0.131" /><testcase classname="backend.tests.test_iteration21" name="test_order_created_grants_and_idempotent" time="0.311" /><testcase classname="backend.tests.test_iteration21" name="test_order_refunded_revokes" time="0.301" /><testcase classname="backend.tests.test_iteration21" name="test_download_unauth" time="0.139" /><testcase classname="backend.tests.test_iteration21" name="test_download_unknown_slug" time="0.193" /><testcase classname="backend.tests.test_iteration21" name="test_download_signed_in_non_owner" time="0.153" /><testcase classname="backend.tests.test_iteration21" name="test_download_after_grant" time="0.297" /><testcase classname="backend.tests.test_iteration23" name="test_crypto_roundtrip" time="0.003" /><testcase classname="backend.tests.test_iteration23" name="test_crypto_tamper_detected" time="0.002" /><testcase classname="backend.tests.test_iteration23" name="test_passes_endpoint_public" time="0.155" /><testcase classname="backend.tests.test_iteration23" name="test_health_encryption_configured" time="0.133" /><testcase classname="backend.tests.test_iteration23" name="test_access_unauth_returns_401" time="0.139" /><testcase classname="backend.tests.test_iteration23" name="test_access_default_no_pass" time="0.154" /><testcase classname="backend.tests.test_iteration23" name="test_user_message_encrypted_in_db" time="1.800" /><testcase classname="backend.tests.test_iteration23" name="test_cabinet_me_decrypts_user_messages" time="2.218" /><testcase classname="backend.tests.test_iteration23" name="test_paid_pass_suppresses_continuation" time="7.940" /><testcase classname="backend.tests.test_iteration23" name="test_dispute_unlock_admin_only" time="3.218" /><testcase classname="backend.tests.test_iteration23_extra" name="test_webhook_season_30days_grants_pass" time="0.206" /><testcase classname="backend.tests.test_iteration23_extra" name="test_night_angels_download_404" time="0.154" /><testcase classname="backend.tests.test_iteration23_extra" name="test_other_kids_pdfs_download[engels-friends-2]" time="0.695" /><testcase classname="backend.tests.test_iteration23_extra" name="test_other_kids_pdfs_download[angels-tales]" time="0.309" /><testcase classname="backend.tests.test_iteration23_extra" name="test_other_kids_pdfs_download[angels-story]" time="1.000" /><testcase classname="backend.tests.test_iteration24" name="test_status_initial_open" time="0.163" /><testcase classname="backend.tests.test_iteration24" name="test_me_unauth_returns_401" time="0.157" /><testcase classname="backend.tests.test_iteration24" name="test_me_default_not_enrolled" time="0.166" /><testcase classname="backend.tests.test_iteration24" name="test_enroll_grants_pass_and_books_idempotent" time="1.173" /><testcase classname="backend.tests.test_iteration24" name="test_enroll_cap_at_10" time="0.498" /><testcase classname="backend.tests.test_iteration25" name="test_prefs_unauth_401" time="0.191" /><testcase classname="backend.tests.test_iteration25" name="test_prefs_fresh_user" time="0.175" /><testcase classname="backend.tests.test_iteration25" name="test_prefs_stamp_consent" time="0.158" /><testcase classname="backend.tests.test_iteration25" name="test_prefs_validation_rejects_unknown_gender" time="0.316" /><testcase classname="backend.tests.test_iteration25" name="test_emergency_exit_closes_active_session" time="1.799" /><testcase classname="backend.tests.test_iteration25" name="test_emergency_exit_safe_without_active_session" time="0.177" /><testcase classname="backend.tests.test_iteration25" name="test_pruesoul_webhook_rejects_bad_signature" time="0.143" /><testcase classname="backend.tests.test_iteration25" name="test_pruesoul_webhook_accepts_live_secret_and_replays" time="0.363" /><testcase classname="backend.tests.test_iteration25" name="test_pruesoul_webhook_enrollment_mirrors_into_beta_counter" time="0.182" /><testcase classname="backend.tests.test_iteration26" name="test_hotspots_public" time="0.158" /><testcase classname="backend.tests.test_iteration26" name="test_insight_post_unauth_401" time="0.146" /><testcase classname="backend.tests.test_iteration26" name="test_insights_get_unauth_401" time="0.153" /><testcase classname="backend.tests.test_iteration26" name="test_record_and_retrieve" time="0.467" /><testcase classname="backend.tests.test_iteration26" name="test_body_image_endpoint" time="0.431" /><testcase classname="backend.tests.test_iteration26" name="test_unknown_region_rejected" time="0.137" /><testcase classname="backend.tests.test_iteration26" name="test_state_bridge_acknowledges_latest_insight" time="0.337" /><testcase classname="backend.tests.test_iteration26" name="test_state_bridge_silent_without_insight" time="0.231" /><testcase classname="backend.tests.test_iteration26" name="test_state_bridge_does_not_replay_acknowledged" time="0.158" /><testcase classname="backend.tests.test_iteration27" name="test_health_ai_and_tts_enabled" time="0.136" /><testcase classname="backend.tests.test_iteration27" name="test_cabinet_message_returns_real_claude_reply" time="3.411" /><testcase classname="backend.tests.test_iteration27" name="test_cabinet_multi_turn_context" time="9.493" /><testcase classname="backend.tests.test_iteration27" name="test_cabinet_crisis_wins" time="0.380" /><testcase classname="backend.tests.test_iteration27" name="test_tts_requires_auth" time="0.127" /><testcase classname="backend.tests.test_iteration27" name="test_tts_female_returns_audio" time="2.412" /><testcase classname="backend.tests.test_iteration27" name="test_tts_male_returns_audio" time="2.659" /><testcase classname="backend.tests.test_iteration27" name="test_tts_etag_304" time="2.671" /><testcase classname="backend.tests.test_iteration27" name="test_courses_list_has_four" time="0.126" /><testcase classname="backend.tests.test_iteration27" name="test_course_detail_signed_out_only_letter_one_unlocked" time="0.122" /><testcase classname="backend.tests.test_iteration27" name="test_course_enroll_idempotent" time="0.302" /><testcase classname="backend.tests.test_iteration27" name="test_course_detail_enrolled_shows_day1_unlock_at_for_rest" time="0.302" /><testcase classname="backend.tests.test_iteration27" name="test_course_enroll_unknown_slug_404" time="0.148" /><testcase classname="backend.tests.test_iteration27" name="test_course_enroll_requires_auth" time="0.138" /><testcase classname="backend.tests.test_iteration27" name="test_course_audio_files_served" time="0.728" /><testcase classname="backend.tests.test_iteration27" name="test_state_bridge_populates_body_context" time="0.285" /><testcase classname="backend.tests.test_iteration28" name="test_hotspots_returns_eight_in_order" time="0.147" /><testcase classname="backend.tests.test_iteration28" name="test_hotspots_required_fields_on_all" time="0.123" /><testcase classname="backend.tests.test_iteration28" name="test_only_new_three_have_why_it_speaks_to_you" time="0.168" /><testcase classname="backend.tests.test_iteration28" name="test_insight_accepts_new_region[shoulders]" time="0.146" /><testcase classname="backend.tests.test_iteration28" name="test_insight_accepts_new_region[throat]" time="0.149" /><testcase classname="backend.tests.test_iteration28" name="test_insight_accepts_new_region[hips]" time="0.167" /><testcase classname="backend.tests.test_iteration28" name="test_insight_old_regions_still_work[jaws]" time="0.142" /><testcase classname="backend.tests.test_iteration28" name="test_insight_old_regions_still_work[liver]" time="0.131" /><testcase classname="backend.tests.test_iteration28" name="test_insight_old_regions_still_work[heart]" time="0.142" /><testcase classname="backend.tests.test_iteration28" name="test_insight_old_regions_still_work[lungs]" time="0.150" /><testcase classname="backend.tests.test_iteration28" name="test_insight_old_regions_still_work[kidneys]" time="0.148" /><testcase classname="backend.tests.test_iteration28" name="test_insight_rejects_unknown_region" time="0.146" /><testcase classname="backend.tests.test_iteration28" name="test_existing_slug_serves_png[jaws-anger]" time="0.249" /><testcase classname="backend.tests.test_iteration28" name="test_existing_slug_serves_png[liver-bitterness]" time="0.281" /><testcase classname="backend.tests.test_iteration28" name="test_existing_slug_serves_png[heart-grief]" time="0.441" /><testcase classname="backend.tests.test_iteration28" name="test_existing_slug_serves_png[lungs-melancholy]" time="0.500" /><testcase classname="backend.tests.test_iteration28" name="test_existing_slug_serves_png[kidneys-fear]" time="0.141" /><testcase classname="backend.tests.test_iteration28" name="test_new_slug_returns_404_not_generated_yet[shoulders-burden]" time="0.206" /><testcase classname="backend.tests.test_iteration28" name="test_new_slug_returns_404_not_generated_yet[throat-unspoken]" time="0.131" /><testcase classname="backend.tests.test_iteration28" name="test_new_slug_returns_404_not_generated_yet[hips-held]" time="0.129" /><testcase classname="backend.tests.test_iteration28" name="test_unknown_slug_returns_image_not_found" time="0.147" /><testcase classname="backend.tests.test_iteration28" name="test_body_knows_first_audio_companion_swapped" time="0.120" /><testcase classname="backend.tests.test_iteration28" name="test_architecture_of_breath_mp3_served" time="0.124" /><testcase classname="backend.tests.test_iteration28" name="test_clarity_health_ai_and_tts_still_enabled" time="0.140" /><testcase classname="backend.tests.test_iteration29.TestEmailHealth" name="test_health_resend_configured" time="0.125" /><testcase classname="backend.tests.test_iteration29.TestFirstLetter" name="test_consent_false_400" time="0.064" /><testcase classname="backend.tests.test_iteration29.TestFirstLetter" name="test_invalid_email_400" time="0.046" /><testcase classname="backend.tests.test_iteration29.TestFirstLetter" name="test_unknown_course_404" time="0.062" /><testcase classname="backend.tests.test_iteration29.TestFirstLetter" name="test_send_then_rate_limited_then_other_slug_ok" time="1.090" /><testcase classname="backend.tests.test_iteration29.TestMagicLink" name="test_request_creates_token_and_attempts_email" time="0.502" /><testcase classname="backend.tests.test_iteration29.TestMagicLink" name="test_request_then_verify_then_replay_410" time="0.582" /><testcase classname="backend.tests.test_iteration29.TestMagicLink" name="test_verify_unknown_token_404" time="0.052" /><testcase classname="backend.tests.test_iteration29.TestMagicLink" name="test_verify_short_token_400" time="0.049" /><testcase classname="backend.tests.test_iteration5" name="test_auth_me_unauth" time="0.153" /><testcase classname="backend.tests.test_iteration5" name="test_brand_surface_has_about_the_author" time="0.053" /><testcase classname="backend.tests.test_iteration5" name="test_books_at_least_three" time="0.075"><failure message="assert False&#10; +  where False = any(&lt;generator object test_books_at_least_three.&lt;locals&gt;.&lt;genexpr&gt; at 0x7f07665ab3e0&gt;)">E   assert False
     +  where False = any(&lt;generator object test_books_at_least_three.&lt;locals&gt;.&lt;genexpr&gt; at 0x7f07665ab3e0&gt;)</failure></testcase><testcase classname="backend.tests.test_iteration5" name="test_legal_surface_has_refund_policy" time="0.052" /><testcase classname="backend.tests.test_iteration5" name="test_static_assets_load" time="0.183" /><testcase classname="backend.tests.test_iteration5" name="test_pages_no_5xx" time="0.206" /><testcase classname="backend.tests.test_iteration6.TestBooksInventory" name="test_returns_six_expected_books" time="0.128"><failure message="AssertionError: assert 9 == 6&#10; +  where 9 = len([{'audience': 'adult', 'author': 'Matrix Aurin', 'cover_image_url': None, 'created_at': '2026-05-01T09:51:23.688489Z',...ience': 'kids', 'author': 'prulesoul', 'cover_image_url': None, 'created_at': '2026-04-25T16:37:45.495540Z', ...}, ...])">E   AssertionError: assert 9 == 6
     +  where 9 = len([{'audience': 'adult', 'author': 'Matrix Aurin', 'cover_image_url': None, 'created_at': '2026-05-01T09:51:23.688489Z',...ience': 'kids', 'author': 'prulesoul', 'cover_image_url': None, 'created_at': '2026-04-25T16:37:45.495540Z', ...}, ...])</failure></testcase><testcase classname="backend.tests.test_iteration6.TestBooksInventory" name="test_audience_and_pricing" time="0.002"><failure message="AssertionError: assert 'NOK' == 'USD'&#10;  &#10;  - USD&#10;  + NOK">E   AssertionError: assert 'NOK' == 'USD'
      
      - USD
      + NOK</failure></testcase><testcase classname="backend.tests.test_iteration6.TestBooksInventory" name="test_external_url_tax_and_lemonsqueezy" time="0.001"><failure message="AttributeError: 'NoneType' object has no attribute 'startswith'">E   AttributeError: 'NoneType' object has no attribute 'startswith'</failure></testcase><testcase classname="backend.tests.test_iteration6.TestBooksInventory" name="test_specific_pdf_and_cover" time="0.004"><failure message="AssertionError: assert '/api/cabinet...ales/download' == '/assets/book...els-tales.pdf'&#10;  &#10;  - /assets/books/angels-tales.pdf&#10;  + /api/cabinet/library/angels-tales/download">E   AssertionError: assert '/api/cabinet...ales/download' == '/assets/book...els-tales.pdf'
      
      - /assets/books/angels-tales.pdf
      + /api/cabinet/library/angels-tales/download</failure></testcase><testcase classname="backend.tests.test_iteration6.TestBookFilters" name="test_audience_adult" time="0.146"><failure message="AssertionError: assert 5 == 3&#10; +  where 5 = len([{'audience': 'adult', 'author': 'Matrix Aurin', 'cover_image_url': None, 'created_at': '2026-05-01T09:51:23.688489Z',...'audience': 'adult', 'author': 'prulesoul', 'cover_image_url': None, 'created_at': '2026-04-25T16:37:45.473165Z', ...}])">E   AssertionError: assert 5 == 3
     +  where 5 = len([{'audience': 'adult', 'author': 'Matrix Aurin', 'cover_image_url': None, 'created_at': '2026-05-01T09:51:23.688489Z',...'audience': 'adult', 'author': 'prulesoul', 'cover_image_url': None, 'created_at': '2026-04-25T16:37:45.473165Z', ...}])</failure></testcase><testcase classname="backend.tests.test_iteration6.TestBookFilters" name="test_audience_kids" time="0.128"><failure message="AssertionError: assert 4 == 3&#10; +  where 4 = len([{'audience': 'kids', 'author': 'prulesoul', 'cover_image_url': None, 'created_at': '2026-04-29T12:30:30.953248Z', ......{'audience': 'kids', 'author': 'prulesoul', 'cover_image_url': None, 'created_at': '2026-04-25T16:37:45.495540Z', ...}])">E   AssertionError: assert 4 == 3
     +  where 4 = len([{'audience': 'kids', 'author': 'prulesoul', 'cover_image_url': None, 'created_at': '2026-04-29T12:30:30.953248Z', ......{'audience': 'kids', 'author': 'prulesoul', 'cover_image_url': None, 'created_at': '2026-04-25T16:37:45.495540Z', ...}])</failure></testcase><testcase classname="backend.tests.test_iteration6.TestBookFilters" name="test_get_angels_tales" time="0.129"><failure message="AssertionError: assert '/api/cabinet...ales/download' == '/assets/book...els-tales.pdf'&#10;  &#10;  - /assets/books/angels-tales.pdf&#10;  + /api/cabinet/library/angels-tales/download">E   AssertionError: assert '/api/cabinet...ales/download' == '/assets/book...els-tales.pdf'
      
      - /assets/books/angels-tales.pdf
      + /api/cabinet/library/angels-tales/download</failure></testcase><testcase classname="backend.tests.test_iteration6.TestBookFilters" name="test_get_night_angels" time="0.126" /><testcase classname="backend.tests.test_iteration6.TestStaticAssets" name="test_static[/assets/books/angels-tales.pdf-application/pdf]" time="0.123"><failure message="AssertionError: text/html; charset=utf-8&#10;assert 'application/pdf' in 'text/html; charset=utf-8'&#10; +  where 'text/html; charset=utf-8' = get('content-type', '')&#10; +    where get = {'Date': 'Fri, 01 May 2026 11:36:47 GMT', 'Content-Type': 'text/html; charset=utf-8', 'Transfer-Encoding': 'chunked', ...gentagent.com; Expires=Fri, 01 May 2026 12:06:47 GMT', 'X-Robots-Tag': 'noindex, nofollow', 'Content-Encoding': 'gzip'}.get&#10; +      where {'Date': 'Fri, 01 May 2026 11:36:47 GMT', 'Content-Type': 'text/html; charset=utf-8', 'Transfer-Encoding': 'chunked', ...gentagent.com; Expires=Fri, 01 May 2026 12:06:47 GMT', 'X-Robots-Tag': 'noindex, nofollow', 'Content-Encoding': 'gzip'} = &lt;Response [200]&gt;.headers">E   AssertionError: text/html; charset=utf-8
    assert 'application/pdf' in 'text/html; charset=utf-8'
     +  where 'text/html; charset=utf-8' = get('content-type', '')
     +    where get = {'Date': 'Fri, 01 May 2026 11:36:47 GMT', 'Content-Type': 'text/html; charset=utf-8', 'Transfer-Encoding': 'chunked', ...gentagent.com; Expires=Fri, 01 May 2026 12:06:47 GMT', 'X-Robots-Tag': 'noindex, nofollow', 'Content-Encoding': 'gzip'}.get
     +      where {'Date': 'Fri, 01 May 2026 11:36:47 GMT', 'Content-Type': 'text/html; charset=utf-8', 'Transfer-Encoding': 'chunked', ...gentagent.com; Expires=Fri, 01 May 2026 12:06:47 GMT', 'X-Robots-Tag': 'noindex, nofollow', 'Content-Encoding': 'gzip'} = &lt;Response [200]&gt;.headers</failure></testcase><testcase classname="backend.tests.test_iteration6.TestStaticAssets" name="test_static[/assets/kids/visualisations/bedtime-angel.png-image/png]" time="0.148" /><testcase classname="backend.tests.test_iteration6.TestStaticAssets" name="test_static[/assets/kids/visualisations/book.mp4-video/mp4]" time="0.152" /><testcase classname="backend.tests.test_iteration6.TestStaticAssets" name="test_static[/assets/brand/pure-soul-life-card.png-image/png]" time="0.146" /><testcase classname="backend.tests.test_iteration6.TestSmoke" name="test_auth_me_unauthenticated" time="0.122" /><testcase classname="backend.tests.test_iteration7.TestExperienceUnauthenticated" name="test_me_401" time="0.116" /><testcase classname="backend.tests.test_iteration7.TestExperienceUnauthenticated" name="test_start_401" time="0.120" /><testcase classname="backend.tests.test_iteration7.TestExperienceUnauthenticated" name="test_reflect_401" time="0.137" /><testcase classname="backend.tests.test_iteration7.TestExperienceUnauthenticated" name="test_reset_401" time="0.122" /><testcase classname="backend.tests.test_iteration7.TestExperienceFlow" name="test_initial_me" time="0.163" /><testcase classname="backend.tests.test_iteration7.TestExperienceFlow" name="test_start_sets_started" time="0.286" /><testcase classname="backend.tests.test_iteration7.TestExperienceFlow" name="test_reflect_empty_400" time="0.131" /><testcase classname="backend.tests.test_iteration7.TestExperienceFlow" name="test_reflect_too_short_400" time="0.133" /><testcase classname="backend.tests.test_iteration7.TestExperienceFlow" name="test_full_seven_step_flow" time="1.299" /><testcase classname="backend.tests.test_iteration7.TestExperienceFlow" name="test_reset_clears" time="0.300" /><testcase classname="backend.tests.test_iteration7.TestRegression" name="test_books_still_six" time="0.139"><failure message="AssertionError: assert 9 == 6&#10; +  where 9 = len([{'audience': 'adult', 'author': 'Matrix Aurin', 'cover_image_url': None, 'created_at': '2026-05-01T09:51:23.688489Z',...ience': 'kids', 'author': 'prulesoul', 'cover_image_url': None, 'created_at': '2026-04-25T16:37:45.495540Z', ...}, ...])">E   AssertionError: assert 9 == 6
     +  where 9 = len([{'audience': 'adult', 'author': 'Matrix Aurin', 'cover_image_url': None, 'created_at': '2026-05-01T09:51:23.688489Z',...ience': 'kids', 'author': 'prulesoul', 'cover_image_url': None, 'created_at': '2026-04-25T16:37:45.495540Z', ...}, ...])</failure></testcase><testcase classname="backend.tests.test_iteration7.TestRegression" name="test_brand_entry_exists" time="0.489" /><testcase classname="backend.tests.test_iteration9.TestBlog" name="test_list_blog" time="0.314" /><testcase classname="backend.tests.test_iteration9.TestBlog" name="test_get_blog_slug" time="0.421" /><testcase classname="backend.tests.test_iteration9.TestBlog" name="test_blog_404" time="0.142" /><testcase classname="backend.tests.test_iteration9.TestNewsletter" name="test_newsletter_no_consent" time="0.203" /><testcase classname="backend.tests.test_iteration9.TestNewsletter" name="test_newsletter_invalid_email" time="0.200" /><testcase classname="backend.tests.test_iteration9.TestNewsletter" name="test_newsletter_valid_and_idempotent" time="0.183" /><testcase classname="backend.tests.test_iteration9.TestRegression" name="test_books_six" time="0.142"><failure message="AssertionError: assert 9 == 6&#10; +  where 9 = len([{'audience': 'adult', 'author': 'Matrix Aurin', 'cover_image_url': None, 'created_at': '2026-05-01T09:51:23.688489Z',...ience': 'kids', 'author': 'prulesoul', 'cover_image_url': None, 'created_at': '2026-04-25T16:37:45.495540Z', ...}, ...])">E   AssertionError: assert 9 == 6
     +  where 9 = len([{'audience': 'adult', 'author': 'Matrix Aurin', 'cover_image_url': None, 'created_at': '2026-05-01T09:51:23.688489Z',...ience': 'kids', 'author': 'prulesoul', 'cover_image_url': None, 'created_at': '2026-04-25T16:37:45.495540Z', ...}, ...])</failure></testcase><testcase classname="backend.tests.test_iteration9.TestRegression" name="test_brand_entry" time="0.129" /><testcase classname="backend.tests.test_iteration9.TestRegression" name="test_experience_unauth" time="0.123" /><testcase classname="backend.tests.test_phase2_continued" name="test_books_list_seeded" time="0.133"><failure message="AssertionError: assert 'genesis-protocols-volume-i-book' in {'angels-story', 'angels-tales', 'beyond-the-matrix-i', 'beyond-the-matrix-ii', 'engels-friends-2', 'test-book-cae68c1f', ...}">E   AssertionError: assert 'genesis-protocols-volume-i-book' in {'angels-story', 'angels-tales', 'beyond-the-matrix-i', 'beyond-the-matrix-ii', 'engels-friends-2', 'test-book-cae68c1f', ...}</failure></testcase><testcase classname="backend.tests.test_phase2_continued" name="test_book_detail_aurin_hub" time="0.055"><failure message="assert 404 == 200&#10; +  where 404 = &lt;Response [404]&gt;.status_code">E   assert 404 == 200
     +  where 404 = &lt;Response [404]&gt;.status_code</failure></testcase><testcase classname="backend.tests.test_phase2_continued" name="test_create_book_and_duplicate" time="0.112" /><testcase classname="backend.tests.test_phase2_continued" name="test_audience_grown_ups" time="0.056" /><testcase classname="backend.tests.test_phase2_continued" name="test_validate_empty" time="0.064" /><testcase classname="backend.tests.test_phase2_continued" name="test_validate_plain_text_no_headings" time="0.051" /><testcase classname="backend.tests.test_phase2_continued" name="test_validate_orphan_subheadings" time="0.060" /><testcase classname="backend.tests.test_phase2_continued" name="test_validate_h1_demoted" time="0.057" /><testcase classname="backend.tests.test_phase2_continued" name="test_validate_zero_width_and_excessive_blank" time="0.052" /><testcase classname="backend.tests.test_phase2_continued" name="test_validate_h2_to_h5_jump" time="0.054" /><testcase classname="backend.tests.test_phase2_continued" name="test_admin_entries_list" time="0.055" /><testcase classname="backend.tests.test_phase2_continued" name="test_admin_only_with_warnings" time="0.059" /></testsuite></testsuites>