<?xml version="1.0" encoding="utf-8"?><testsuites name="pytest tests"><testsuite name="pytest" errors="0" failures="0" skipped="0" tests="9" time="1.974" timestamp="2026-04-25T19:37:28.344338+00:00" hostname="agent-env-e8fbb50e-1838-4619-b626-b43b6b6aabab"><testcase classname="backend.tests.test_iteration9.TestBlog" name="test_list_blog" time="0.294" /><testcase classname="backend.tests.test_iteration9.TestBlog" name="test_get_blog_slug" time="0.154" /><testcase classname="backend.tests.test_iteration9.TestBlog" name="test_blog_404" time="0.150" /><testcase classname="backend.tests.test_iteration9.TestNewsletter" name="test_newsletter_no_consent" time="0.131" /><testcase classname="backend.tests.test_iteration9.TestNewsletter" name="test_newsletter_invalid_email" time="0.153" /><testcase classname="backend.tests.test_iteration9.TestNewsletter" name="test_newsletter_valid_and_idempotent" time="0.197" /><testcase classname="backend.tests.test_iteration9.TestRegression" name="test_books_six" time="0.131" /><testcase classname="backend.tests.test_iteration9.TestRegression" name="test_brand_entry" time="0.140" /><testcase classname="backend.tests.test_iteration9.TestRegression" name="test_experience_unauth" time="0.125" /></testsuite></testsuites>