<?xml version="1.0" encoding="utf-8"?><testsuites name="pytest tests"><testsuite name="pytest" errors="0" failures="0" skipped="0" tests="9" time="29.877" timestamp="2026-05-11T19:34:09.887719+00:00" hostname="agent-env-e8fbb50e-1838-4619-b626-b43b6b6aabab"><testcase classname="tests.test_iter67_open_factory_tail.TestRealtimeGated" name="test_health_off" time="10.189" /><testcase classname="tests.test_iter67_open_factory_tail.TestRealtimeGated" name="test_session_503" time="0.057" /><testcase classname="tests.test_iter67_open_factory_tail.TestOpenFactory" name="test_clarity_access_free_access" time="0.309" /><testcase classname="tests.test_iter67_open_factory_tail.TestAGOPDLockIter67" name="test_cabinet_adversarial" time="6.479" /><testcase classname="tests.test_iter67_open_factory_tail.TestAGOPDLockIter67" name="test_body_room_adversarial" time="5.711" /><testcase classname="tests.test_iter67_open_factory_tail.TestNeutralRegression" name="test_cabinet_quiet_tonight" time="3.070" /><testcase classname="tests.test_iter67_open_factory_tail.TestNeutralRegression" name="test_body_room_shoulders_tight" time="3.090" /><testcase classname="tests.test_iter67_open_factory_tail.TestCoursesEnglishOnly" name="test_courses_all_english" time="0.124" /><testcase classname="tests.test_iter67_open_factory_tail.TestStaticMedia" name="test_grace_vision_pilot_mp4" time="0.069" /></testsuite></testsuites>