<?xml version="1.0" encoding="utf-8"?><testsuites name="pytest tests"><testsuite name="pytest" errors="0" failures="0" skipped="0" tests="26" time="9.279" timestamp="2026-04-27T13:40:14.323172+00:00" hostname="agent-env-e8fbb50e-1838-4619-b626-b43b6b6aabab"><testcase classname="backend.tests.test_iteration11.TestCabinetAuthGate" name="test_me_unauth_401" time="0.314" /><testcase classname="backend.tests.test_iteration11.TestCabinetAuthGate" name="test_start_unauth_401" time="0.212" /><testcase classname="backend.tests.test_iteration11.TestCabinetAuthGate" name="test_message_unauth_401" time="0.192" /><testcase classname="backend.tests.test_iteration11.TestCabinetAuthGate" name="test_clear_unauth_401" time="0.152" /><testcase classname="backend.tests.test_iteration11.TestCabinetFlow" name="test_me_initial" time="0.263" /><testcase classname="backend.tests.test_iteration11.TestCabinetFlow" name="test_start_returns_session_id" time="0.185" /><testcase classname="backend.tests.test_iteration11.TestCabinetFlow" name="test_message_normal_then_continuation_after_3" time="0.878" /><testcase classname="backend.tests.test_iteration11.TestCabinetFlow" name="test_message_crisis_keyword" time="0.390" /><testcase classname="backend.tests.test_iteration11.TestCabinetFlow" name="test_message_empty_400" time="0.376" /><testcase classname="backend.tests.test_iteration11.TestCabinetFlow" name="test_message_keep_thread_returns_thread_key" time="0.398" /><testcase classname="backend.tests.test_iteration11.TestCabinetFlow" name="test_clear_closes_session" time="0.650" /><testcase classname="backend.tests.test_iteration11.TestBooksRegression" name="test_books_list_has_seven_with_new_free_book" time="0.156" /><testcase classname="backend.tests.test_iteration11.TestBooksRegression" name="test_pdf_static_asset_200" time="0.156" /><testcase classname="backend.tests.test_iteration11.TestUntouchedRegression" name="test_blog_list" time="0.168" /><testcase classname="backend.tests.test_iteration11.TestUntouchedRegression" name="test_content_brand" time="0.164" /><testcase classname="backend.tests.test_iteration11.TestUntouchedRegression" name="test_experience_me_401" time="0.148" /><testcase classname="backend.tests.test_iteration14" name="test_start_seeds_greeting" time="0.321" /><testcase classname="backend.tests.test_iteration14" name="test_continuation_after_3_user_messages" time="0.695" /><testcase classname="backend.tests.test_iteration14" name="test_first_message_routes_correctly[i miss my ex so much, i can't let go-relationship_attachment]" time="0.369" /><testcase classname="backend.tests.test_iteration14" name="test_first_message_routes_correctly[i'm so afraid all the time, panic comes from nowhere-fear_anxiety]" time="0.349" /><testcase classname="backend.tests.test_iteration14" name="test_first_message_routes_correctly[i hate myself, this is all my fault, i feel worthless-self_worth]" time="0.328" /><testcase classname="backend.tests.test_iteration14" name="test_first_message_routes_correctly[i don't know who i am anymore, i lost myself-confusion_identity]" time="0.372" /><testcase classname="backend.tests.test_iteration14" name="test_first_message_routes_correctly[everything feels heavy, i'm exhausted and numb-emotion_release]" time="0.345" /><testcase classname="backend.tests.test_iteration14" name="test_first_message_routes_correctly[hello, i wanted to try this-default]" time="0.350" /><testcase classname="backend.tests.test_iteration14" name="test_path_locks_on_first_message" time="0.512" /><testcase classname="backend.tests.test_iteration14" name="test_crisis_overrides_routing" time="0.330" /></testsuite></testsuites>