<?xml version="1.0" encoding="utf-8"?><testsuites name="pytest tests"><testsuite name="pytest" errors="0" failures="0" skipped="0" tests="26" time="2.128" timestamp="2026-04-25T09:18:31.256021+00:00" hostname="agent-env-e8fbb50e-1838-4619-b626-b43b6b6aabab"><testcase classname="backend.tests.test_content_api" name="test_health" time="0.199" /><testcase classname="backend.tests.test_content_api" name="test_categories_seeded" time="0.054" /><testcase classname="backend.tests.test_content_api" name="test_library_entries" time="0.050" /><testcase classname="backend.tests.test_content_api" name="test_learning_entries" time="0.053" /><testcase classname="backend.tests.test_content_api" name="test_entry_detail" time="0.052" /><testcase classname="backend.tests.test_content_api" name="test_entry_not_found" time="0.063" /><testcase classname="backend.tests.test_content_api" name="test_filter_category" time="0.065" /><testcase classname="backend.tests.test_content_api" name="test_filter_access_free" time="0.053" /><testcase classname="backend.tests.test_content_api" name="test_search_q" time="0.051" /><testcase classname="backend.tests.test_content_api" name="test_create_category_and_duplicate" time="0.103" /><testcase classname="backend.tests.test_content_api" name="test_create_entry_parses_markdown" time="0.121" /><testcase classname="backend.tests.test_content_api" name="test_github_sync_stub" time="0.050" /><testcase classname="backend.tests.test_content_api" name="test_ai_context" time="0.064" /><testcase classname="backend.tests.test_content_api" name="test_ai_chat_stub" time="0.058" /><testcase classname="backend.tests.test_phase2_continued" name="test_books_list_seeded" time="0.127" /><testcase classname="backend.tests.test_phase2_continued" name="test_book_detail_aurin_hub" time="0.067" /><testcase classname="backend.tests.test_phase2_continued" name="test_create_book_and_duplicate" time="0.097" /><testcase classname="backend.tests.test_phase2_continued" name="test_audience_grown_ups" time="0.050" /><testcase classname="backend.tests.test_phase2_continued" name="test_validate_empty" time="0.045" /><testcase classname="backend.tests.test_phase2_continued" name="test_validate_plain_text_no_headings" time="0.048" /><testcase classname="backend.tests.test_phase2_continued" name="test_validate_orphan_subheadings" time="0.046" /><testcase classname="backend.tests.test_phase2_continued" name="test_validate_h1_demoted" time="0.046" /><testcase classname="backend.tests.test_phase2_continued" name="test_validate_zero_width_and_excessive_blank" time="0.048" /><testcase classname="backend.tests.test_phase2_continued" name="test_validate_h2_to_h5_jump" time="0.045" /><testcase classname="backend.tests.test_phase2_continued" name="test_admin_entries_list" time="0.047" /><testcase classname="backend.tests.test_phase2_continued" name="test_admin_only_with_warnings" time="0.047" /></testsuite></testsuites>