<?xml version="1.0" encoding="utf-8"?><testsuites name="pytest tests"><testsuite name="pytest" errors="0" failures="0" skipped="0" tests="9" time="7.918" timestamp="2026-05-01T11:33:05.771459+00:00" hostname="agent-env-e8fbb50e-1838-4619-b626-b43b6b6aabab"><testcase classname="backend.tests.test_iteration29.TestEmailHealth" name="test_health_resend_configured" time="3.490" /><testcase classname="backend.tests.test_iteration29.TestFirstLetter" name="test_consent_false_400" time="0.115" /><testcase classname="backend.tests.test_iteration29.TestFirstLetter" name="test_invalid_email_400" time="0.050" /><testcase classname="backend.tests.test_iteration29.TestFirstLetter" name="test_unknown_course_404" time="0.062" /><testcase classname="backend.tests.test_iteration29.TestFirstLetter" name="test_send_then_rate_limited_then_other_slug_ok" time="1.625" /><testcase classname="backend.tests.test_iteration29.TestMagicLink" name="test_request_creates_token_and_attempts_email" time="0.817" /><testcase classname="backend.tests.test_iteration29.TestMagicLink" name="test_request_then_verify_then_replay_410" time="0.592" /><testcase classname="backend.tests.test_iteration29.TestMagicLink" name="test_verify_unknown_token_404" time="0.052" /><testcase classname="backend.tests.test_iteration29.TestMagicLink" name="test_verify_short_token_400" time="0.047" /></testsuite></testsuites>