<?xml version="1.0" encoding="utf-8"?><testsuites name="pytest tests"><testsuite name="pytest" errors="0" failures="0" skipped="0" tests="18" time="2.147" timestamp="2026-05-25T18:48:08.756712+00:00" hostname="agent-env-e8fbb50e-1838-4619-b626-b43b6b6aabab"><testcase classname="backend.tests.test_iteration_78.TestHealth" name="test_health_ok" time="0.263" /><testcase classname="backend.tests.test_iteration_78.TestMinuteBankStarter" name="test_starter_shape" time="0.055" /><testcase classname="backend.tests.test_iteration_78.TestTodaysQuest" name="test_unauth_preview" time="0.056" /><testcase classname="backend.tests.test_iteration_78.TestTodaysQuest" name="test_authed_with_checkin" time="0.192" /><testcase classname="backend.tests.test_iteration_78.TestReciprocalCatalog" name="test_catalog_has_5_actions" time="0.058" /><testcase classname="backend.tests.test_iteration_78.TestGiveToParent" name="test_invalid_action_returns_400" time="0.054" /><testcase classname="backend.tests.test_iteration_78.TestGiveToParent" name="test_valid_creates_pending_with_stamp_slug" time="0.057" /><testcase classname="backend.tests.test_iteration_78.TestApproveWithPhoto" name="test_reciprocal_approve_no_photo_awards_stamp" time="0.226" /><testcase classname="backend.tests.test_iteration_78.TestApproveWithPhoto" name="test_approve_with_oversized_photo_returns_413" time="0.325" /><testcase classname="backend.tests.test_iteration_78.TestApproveWithPhoto" name="test_approve_with_valid_photo_creates_album_row" time="0.193" /><testcase classname="backend.tests.test_iteration_78.TestParentStampsMe" name="test_returns_5_defs" time="0.054" /><testcase classname="backend.tests.test_iteration_78.TestMemoryAlbumPhotoAccess" name="test_owner_can_fetch" time="0.054" /><testcase classname="backend.tests.test_iteration_78.TestMemoryAlbumPhotoAccess" name="test_cross_user_blocked" time="0.059" /><testcase classname="backend.tests.test_iteration_78.TestRegression" name="test_angel_stars_me" time="0.059" /><testcase classname="backend.tests.test_iteration_78.TestRegression" name="test_kids_curriculum_activities" time="0.058" /><testcase classname="backend.tests.test_iteration_78.TestRegression" name="test_kids_mood_parent_portal" time="0.060" /><testcase classname="backend.tests.test_iteration_78.TestRegression" name="test_referral_me" time="0.058" /><testcase classname="backend.tests.test_iteration_78.TestRegression" name="test_topup_ladder" time="0.053" /></testsuite></testsuites>