<?xml version="1.0" encoding="utf-8"?><testsuites name="pytest tests"><testsuite name="pytest" errors="0" failures="0" skipped="0" tests="19" time="7.145" timestamp="2026-05-25T20:15:41.425528+00:00" hostname="agent-env-e8fbb50e-1838-4619-b626-b43b6b6aabab"><testcase classname="backend.tests.test_iteration_79.TestParentOptOut" name="test_get_preferences_authed" time="1.683" /><testcase classname="backend.tests.test_iteration_79.TestParentOptOut" name="test_post_opt_out_true_then_false" time="0.784" /><testcase classname="backend.tests.test_iteration_79.TestBodyTemple" name="test_overview_public" time="0.192" /><testcase classname="backend.tests.test_iteration_79.TestBodyTemple" name="test_overview_authed_unlocked" time="0.198" /><testcase classname="backend.tests.test_iteration_79.TestBodyTemple" name="test_day_1_public_unlocked" time="0.191" /><testcase classname="backend.tests.test_iteration_79.TestBodyTemple" name="test_day_5_public_locked" time="0.191" /><testcase classname="backend.tests.test_iteration_79.TestBodyTemple" name="test_day_5_authed_unlocked" time="0.237" /><testcase classname="backend.tests.test_iteration_79.TestBodyTemple" name="test_complete_day_idempotent" time="0.598" /><testcase classname="backend.tests.test_iteration_79.TestBodyTemple" name="test_day_99_not_found" time="0.200" /><testcase classname="backend.tests.test_iteration_79.TestBodyTemple" name="test_complete_requires_auth" time="0.194" /><testcase classname="backend.tests.test_iteration_79.TestGrace" name="test_modes_public" time="0.181" /><testcase classname="backend.tests.test_iteration_79.TestGrace" name="test_get_mode_unauth" time="0.199" /><testcase classname="backend.tests.test_iteration_79.TestGrace" name="test_set_and_clear_mode" time="0.769" /><testcase classname="backend.tests.test_iteration_79.TestGrace" name="test_unknown_mode_rejected" time="0.181" /><testcase classname="backend.tests.test_iteration_79.TestRegression" name="test_kids_curriculum_modules" time="0.179" /><testcase classname="backend.tests.test_iteration_79.TestRegression" name="test_aurin_today_quest_unauth" time="0.290" /><testcase classname="backend.tests.test_iteration_79.TestRegression" name="test_aurin_today_quest_auth" time="0.197" /><testcase classname="backend.tests.test_iteration_79.TestRegression" name="test_referral_me" time="0.187" /><testcase classname="backend.tests.test_iteration_79.TestRegression" name="test_referral_claim_endpoint_reachable" time="0.185" /></testsuite></testsuites>