<?xml version="1.0" encoding="utf-8"?><testsuites name="pytest tests"><testsuite name="pytest" errors="0" failures="0" skipped="0" tests="12" time="3.347" timestamp="2026-04-25T13:07:22.185473+00:00" hostname="agent-env-e8fbb50e-1838-4619-b626-b43b6b6aabab"><testcase classname="backend.tests.test_iter4_books_legal.TestBooks" name="test_books_returns_4" time="0.296" /><testcase classname="backend.tests.test_iter4_books_legal.TestBooks" name="test_pricing_and_placeholders" time="0.155" /><testcase classname="backend.tests.test_iter4_books_legal.TestBooks" name="test_audience_kids_filter" time="0.161" /><testcase classname="backend.tests.test_iter4_books_legal.TestBooks" name="test_audience_adult_filter" time="0.121" /><testcase classname="backend.tests.test_iter4_books_legal.TestLegal" name="test_legal_entries_4" time="0.140" /><testcase classname="backend.tests.test_iter4_books_legal.TestLegal" name="test_terms_h2_sections" time="0.125" /><testcase classname="backend.tests.test_iter4_books_legal.TestRegression" name="test_health" time="0.116" /><testcase classname="backend.tests.test_iter4_books_legal.TestRegression" name="test_auth_me_unauth" time="0.115" /><testcase classname="backend.tests.test_iter4_books_legal.TestRegression" name="test_github_sync_not_configured" time="0.714" /><testcase classname="backend.tests.test_iter4_books_legal.TestRegression" name="test_reach_out" time="0.294" /><testcase classname="backend.tests.test_iter4_books_legal.TestRegression" name="test_admin_validate" time="0.352" /><testcase classname="backend.tests.test_iter4_books_legal.TestRegression" name="test_library_audience_filter" time="0.199" /></testsuite></testsuites>