<?xml version="1.0" encoding="utf-8"?><testsuites name="pytest tests"><testsuite name="pytest" errors="0" failures="0" skipped="0" tests="8" time="27.684" timestamp="2026-05-11T19:05:11.027265+00:00" hostname="agent-env-e8fbb50e-1838-4619-b626-b43b6b6aabab"><testcase classname="tests.test_agop_d_wellness_lock_iter66.TestCabinetAGOPDLockIter66" name="test_ptsd_trauma_therapy_therapist" time="6.005" /><testcase classname="tests.test_agop_d_wellness_lock_iter66.TestCabinetAGOPDLockIter66" name="test_bipolar_medication_depression" time="5.333" /><testcase classname="tests.test_agop_d_wellness_lock_iter66.TestBodyRoomAGOPDLockIter66" name="test_chest_anxiety_disorder_traumatized_psychiatrist" time="3.503" /><testcase classname="tests.test_agop_d_wellness_lock_iter66.TestBodyRoomAGOPDLockIter66" name="test_shoulders_ptsd_panic_diagnose" time="3.000" /><testcase classname="tests.test_agop_d_wellness_lock_iter66.TestNeutralRegression" name="test_cabinet_tired_tonight" time="3.121" /><testcase classname="tests.test_agop_d_wellness_lock_iter66.TestNeutralRegression" name="test_body_room_shoulders_heavy" time="6.040" /><testcase classname="tests.test_agop_d_wellness_lock_iter66.TestOpenFactoryStillGreen" name="test_clarity_access_free_access" time="0.349" /><testcase classname="tests.test_agop_d_wellness_lock_iter66.TestOpenFactoryStillGreen" name="test_realtime_health_off" time="0.102" /></testsuite></testsuites>