<?xml version="1.0" encoding="utf-8"?><testsuites name="pytest tests"><testsuite name="pytest" errors="0" failures="0" skipped="0" tests="10" time="8.925" timestamp="2026-05-08T12:27:21.626186+00:00" hostname="agent-env-e8fbb50e-1838-4619-b626-b43b6b6aabab"><testcase classname="tests.test_iter67_membership_outbound" name="test_membership_tiers_shape" time="0.451" /><testcase classname="tests.test_iter67_membership_outbound" name="test_membership_me_anonymous_defaults_to_transient" time="0.004" /><testcase classname="tests.test_iter67_membership_outbound" name="test_catalogue_availability_returns_overlay" time="0.005" /><testcase classname="tests.test_iter67_membership_outbound" name="test_waitlist_join_validates_consent_and_email" time="0.011" /><testcase classname="tests.test_iter67_membership_outbound" name="test_waitlist_join_then_health" time="0.104" /><testcase classname="tests.test_iter67_membership_outbound" name="test_email_unsubscribe_returns_html" time="0.016" /><testcase classname="tests.test_iter67_membership_outbound" name="test_email_unsubscribe_rejects_bad_email" time="0.005" /><testcase classname="tests.test_iter67_membership_outbound" name="test_outbound_admin_flow_dry_run" time="0.030" /><testcase classname="tests.test_iter67_membership_outbound" name="test_outbound_channels_constant_complete" time="0.001" /><testcase classname="tests.test_iter67_membership_outbound" name="test_membership_tiers_no_estonian_leak" time="0.007" /></testsuite></testsuites>