<?xml version="1.0" encoding="utf-8"?><testsuites name="pytest tests"><testsuite name="pytest" errors="0" failures="0" skipped="0" tests="14" time="2.808" timestamp="2026-04-23T17:40:51.424112+00:00" hostname="agent-env-e8fbb50e-1838-4619-b626-b43b6b6aabab"><testcase classname="backend.tests.test_content_api" name="test_health" time="0.450" /><testcase classname="backend.tests.test_content_api" name="test_categories_seeded" time="0.059" /><testcase classname="backend.tests.test_content_api" name="test_library_entries" time="0.119" /><testcase classname="backend.tests.test_content_api" name="test_learning_entries" time="0.065" /><testcase classname="backend.tests.test_content_api" name="test_entry_detail" time="0.145" /><testcase classname="backend.tests.test_content_api" name="test_entry_not_found" time="0.088" /><testcase classname="backend.tests.test_content_api" name="test_filter_category" time="0.076" /><testcase classname="backend.tests.test_content_api" name="test_filter_access_free" time="0.086" /><testcase classname="backend.tests.test_content_api" name="test_search_q" time="0.062" /><testcase classname="backend.tests.test_content_api" name="test_create_category_and_duplicate" time="0.213" /><testcase classname="backend.tests.test_content_api" name="test_create_entry_parses_markdown" time="0.441" /><testcase classname="backend.tests.test_content_api" name="test_github_sync_stub" time="0.055" /><testcase classname="backend.tests.test_content_api" name="test_ai_context" time="0.216" /><testcase classname="backend.tests.test_content_api" name="test_ai_chat_stub" time="0.054" /></testsuite></testsuites>