<?xml version="1.0" encoding="utf-8"?><testsuites name="pytest tests"><testsuite name="pytest" errors="0" failures="0" skipped="0" tests="24" time="2.030" timestamp="2026-05-28T18:12:15.002267+00:00" hostname="agent-env-e8fbb50e-1838-4619-b626-b43b6b6aabab"><testcase classname="tests.test_chrono_lock" name="test_body_week_unlock_at_week_1_is_start" time="0.003" /><testcase classname="tests.test_chrono_lock" name="test_body_week_unlock_at_week_2_is_seven_days" time="0.001" /><testcase classname="tests.test_chrono_lock" name="test_body_week_unlock_at_week_4_is_twentyone_days" time="0.001" /><testcase classname="tests.test_chrono_lock" name="test_body_week_status_locked_when_too_early" time="0.001" /><testcase classname="tests.test_chrono_lock" name="test_body_week_status_unlocked_exactly_on_boundary" time="0.001" /><testcase classname="tests.test_chrono_lock" name="test_clarity_integration_status_no_history" time="0.001" /><testcase classname="tests.test_chrono_lock" name="test_clarity_integration_status_locked_at_24h_in" time="0.000" /><testcase classname="tests.test_chrono_lock" name="test_clarity_integration_status_clear_after_48h" time="0.009" /><testcase classname="tests.test_chrono_lock" name="test_ensure_body_enrollment_is_idempotent" time="0.143" /><testcase classname="tests.test_chrono_lock" name="test_body_week_status_for_user_lazy_enrolls" time="0.062" /><testcase classname="tests.test_chrono_lock" name="test_clarity_lock_blocks_different_mode" time="0.047" /><testcase classname="tests.test_chrono_lock" name="test_clarity_lock_allows_same_mode_continuation" time="0.046" /><testcase classname="tests.test_chrono_lock" name="test_clarity_lock_no_history_allows_any_mode" time="0.032" /><testcase classname="tests.test_stage3_4_sprint_b" name="test_grant_credit_basic" time="0.088" /><testcase classname="tests.test_stage3_4_sprint_b" name="test_grant_credit_is_idempotent" time="0.081" /><testcase classname="tests.test_stage3_4_sprint_b" name="test_spend_deducts_balance" time="0.090" /><testcase classname="tests.test_stage3_4_sprint_b" name="test_spend_blocks_insufficient_balance" time="0.093" /><testcase classname="tests.test_stage3_4_sprint_b" name="test_daily_cap_enforced" time="0.078" /><testcase classname="tests.test_stage3_4_sprint_b" name="test_adult_and_kids_wallets_firewalled" time="0.069" /><testcase classname="tests.test_stage3_4_sprint_b" name="test_handle_event_dedupes_by_event_id" time="0.121" /><testcase classname="tests.test_stage3_4_sprint_b" name="test_house_compass_grants_both_wallets" time="0.121" /><testcase classname="tests.test_stage3_4_sprint_b" name="test_sovereign_cohort_decrements_atomic" time="0.141" /><testcase classname="tests.test_stage3_4_sprint_b" name="test_unknown_sku_is_ignored_gracefully" time="0.058" /><testcase classname="tests.test_stage3_4_sprint_b" name="test_spend_uses_oldest_grant_first" time="0.081" /></testsuite></testsuites>