<?xml version="1.0" encoding="utf-8"?><testsuites name="pytest tests"><testsuite name="pytest" errors="0" failures="0" skipped="0" tests="26" time="4.102" timestamp="2026-05-12T17:53:23.883580+00:00" hostname="agent-env-e8fbb50e-1838-4619-b626-b43b6b6aabab"><testcase classname="tests.test_stage3_3_shared_memory" name="test_extract_tiredness_and_child" time="0.001" /><testcase classname="tests.test_stage3_3_shared_memory" name="test_extract_estonian_väsinud" time="0.001" /><testcase classname="tests.test_stage3_3_shared_memory" name="test_extract_chest_tension" time="0.000" /><testcase classname="tests.test_stage3_3_shared_memory" name="test_extract_empty_text_returns_empty" time="0.001" /><testcase classname="tests.test_stage3_3_shared_memory" name="test_extract_no_false_positives_on_unrelated_text" time="0.001" /><testcase classname="tests.test_stage3_3_shared_memory" name="test_extract_unique_tags_no_duplicates" time="0.001" /><testcase classname="tests.test_stage3_3_shared_memory" name="test_record_signals_writes_to_db" time="0.001" /><testcase classname="tests.test_stage3_3_shared_memory" name="test_record_signals_noop_when_no_user_id" time="0.001" /><testcase classname="tests.test_stage3_3_shared_memory" name="test_record_signals_noop_for_unknown_room" time="0.001" /><testcase classname="tests.test_stage3_3_shared_memory" name="test_record_signals_db_none_returns_empty" time="0.001" /><testcase classname="tests.test_stage3_3_shared_memory" name="test_quiet_knowledge_excludes_current_room" time="0.002" /><testcase classname="tests.test_stage3_3_shared_memory" name="test_render_prompt_block_returns_none_for_empty" time="0.001" /><testcase classname="tests.test_stage3_3_shared_memory" name="test_render_prompt_block_warns_against_quoting" time="0.001" /><testcase classname="tests.test_stage3_3_shared_memory" name="test_ensure_indexes_does_not_raise" time="0.001" /><testcase classname="tests.test_stage3_3_parents_chat" name="test_crisis_phrase_triggers_safe_response" time="0.001" /><testcase classname="tests.test_stage3_3_parents_chat" name="test_empty_text_returns_calm_placeholder" time="0.001" /><testcase classname="tests.test_stage3_3_parents_chat" name="test_crisis_detection_helper" time="0.000" /><testcase classname="tests.test_stage3_3_parents_chat" name="test_softener_replaces_research_shows" time="0.001" /><testcase classname="tests.test_stage3_3_parents_chat" name="test_softener_collapses_bullet_listicle_to_fallback" time="0.000" /><testcase classname="tests.test_stage3_3_parents_chat" name="test_softener_audit_flags_blog_signals" time="0.001" /><testcase classname="tests.test_stage3_3_parents_chat" name="test_softener_passthrough_for_short_reply" time="0.000" /><testcase classname="tests.test_stage3_3_parents_chat" name="test_sanitize_reply_runs_tonality_filter" time="0.002" /><testcase classname="tests.test_stage3_3_parents_chat" name="test_sanitize_reply_still_blocks_medical_terms" time="0.001" /><testcase classname="tests.test_stage3_3_parents_chat" name="test_no_estonian_ravim_leaks_through" time="0.000" /><testcase classname="tests.test_stage3_3_parents_chat" name="test_audit_clinical_drift_flags_ravim" time="0.000" /><testcase classname="tests.test_stage3_3_parents_chat" name="test_generate_parents_reply_accepts_quiet_knowledge_param" time="0.001" /></testsuite></testsuites>