<?xml version="1.0" encoding="utf-8"?><testsuites name="pytest tests"><testsuite name="pytest" errors="0" failures="0" skipped="0" tests="11" time="31.317" timestamp="2026-05-12T17:54:23.163168+00:00" hostname="agent-env-e8fbb50e-1838-4619-b626-b43b6b6aabab"><testcase classname="tests.test_stage3_3_live_integration" name="test_parents_room_lenses_returns_4" time="1.380" /><testcase classname="tests.test_stage3_3_live_integration" name="test_parents_chat_requires_auth" time="0.178" /><testcase classname="tests.test_stage3_3_live_integration" name="test_parents_chat_empty_message_returns_400" time="0.438" /><testcase classname="tests.test_stage3_3_live_integration" name="test_parents_chat_happy_path" time="4.476" /><testcase classname="tests.test_stage3_3_live_integration" name="test_parents_chat_invalid_lens_does_not_crash" time="2.241" /><testcase classname="tests.test_stage3_3_live_integration" name="test_parents_chat_crisis_phrase_redirects" time="0.197" /><testcase classname="tests.test_stage3_3_live_integration" name="test_parents_chat_kill_myself_redirects" time="0.166" /><testcase classname="tests.test_stage3_3_live_integration" name="test_parents_chat_no_clinical_terms_in_reply" time="2.342" /><testcase classname="tests.test_stage3_3_live_integration" name="test_parents_chat_no_ravim_in_reply" time="4.685" /><testcase classname="tests.test_stage3_3_live_integration" name="test_cross_room_bridge_body_then_parents" time="10.875" /><testcase classname="tests.test_stage3_3_live_integration" name="test_body_room_chat_still_works" time="4.105" /></testsuite></testsuites>